SF:src\QuantizedSystemSolver.jl
DA:1,6305
LH:1
LF:1
end_of_record
SF:src\commonQSS\qssAbstractTypes.jl
LH:0
LF:0
end_of_record
SF:src\commonQSS\qssAlgorithm.jl
DA:9,182
DA:14,1
DA:15,1
DA:25,5
DA:31,10
DA:38,35
DA:44,27
DA:51,5
DA:56,8
LH:9
LF:9
end_of_record
SF:src\commonQSS\qssData.jl
DA:7,180
DA:38,150
LH:2
LF:2
end_of_record
SF:src\commonQSS\rootfinders.jl
DA:10,22732
DA:11,22732
DA:12,22732
DA:13,492
DA:15,22240
DA:17,22732
DA:18,11118
DA:21,22732
DA:36,4
DA:37,8
DA:48,599398
DA:49,599398
DA:50,1191718
DA:51,7101
DA:52,187
DA:54,6914
DA:55,4061
DA:58,9954
DA:59,2853
DA:63,592297
DA:64,592297
DA:65,198140
DA:68,394157
DA:69,394157
DA:70,394157
DA:71,220439
DA:73,173718
DA:75,394157
DA:76,394157
DA:77,190007
DA:81,599398
DA:96,6835
DA:97,6835
LH:33
LF:33
end_of_record
SF:src\commonQSS\scheduler.jl
DA:15,708267
DA:16,708267
DA:17,708267
DA:18,708267
DA:19,708267
DA:20,708267
DA:21,708267
DA:23,708267
DA:24,708267
DA:25,584979009
DA:26,6904176
DA:27,6904176
DA:29,584979009
DA:30,15172
DA:31,15172
DA:33,116924975
DA:34,708267
DA:35,47851
DA:36,23431
DA:37,23431
DA:39,79808
DA:41,708267
DA:42,408
DA:43,8
DA:45,808
DA:48,707859
DA:49,2829
DA:51,705030
DA:54,708267
DA:55,15
DA:58,708267
LH:31
LF:31
end_of_record
SF:src\integrators\liqssDiscreteIntegrator.jl
DA:20,6
DA:21,6
DA:22,6
DA:23,6
DA:24,6
DA:25,6
DA:26,6
DA:27,6
DA:28,6
DA:29,6
DA:30,6
DA:31,6
DA:32,6
DA:33,6
DA:34,6
DA:35,6
DA:36,6
DA:37,6
DA:38,6
DA:39,6
DA:40,6
DA:41,6
DA:42,6
DA:44,6
DA:45,6
DA:46,6
DA:47,6
DA:48,6
DA:49,6
DA:50,6
DA:52,6
DA:53,6
DA:54,6
DA:56,24
DA:57,6
DA:59,6
DA:60,6
DA:61,11
DA:62,11
DA:63,45
DA:64,79
DA:65,11
DA:66,124
DA:67,45
DA:68,45
DA:69,25
DA:70,20
DA:71,20
DA:72,0
DA:73,0
DA:75,0
DA:77,79
DA:78,16
DA:81,6
DA:82,6
DA:83,6
DA:84,25
DA:85,25
DA:86,25
DA:87,25
DA:88,40
DA:89,50
DA:90,25
DA:91,5
DA:92,5
DA:93,6
DA:94,2
DA:95,2
DA:96,2
DA:97,2
DA:101,20
DA:103,44
DA:104,6
DA:105,42
DA:106,12
DA:107,12
DA:108,12
DA:109,12
DA:110,18
DA:116,6
DA:117,6
DA:118,6
DA:119,6
DA:120,6
DA:121,5478
DA:122,5478
DA:123,5478
DA:124,5478
DA:125,5478
DA:126,5478
DA:127,5478
DA:128,6
DA:130,5472
DA:131,5472
DA:133,5472
DA:134,4830
DA:135,4830
DA:136,4830
DA:137,6266
DA:138,4830
DA:139,4830
DA:140,4830
DA:141,8939
DA:142,9660
DA:143,4830
DA:144,4830
DA:145,4830
DA:146,8831
DA:147,8831
DA:148,5934
DA:149,4376
DA:151,8831
DA:152,8831
DA:153,5934
DA:154,4376
DA:156,20459
DA:157,8831
DA:158,8831
DA:159,8831
DA:160,13661
DA:161,9237
DA:162,423
DA:163,738
DA:164,738
DA:165,0
DA:166,0
DA:168,1161
DA:169,1864
DA:170,423
DA:171,423
DA:172,846
DA:174,642
DA:175,553
DA:176,663
DA:177,553
DA:178,553
DA:179,1106
DA:180,1106
DA:181,553
DA:182,663
DA:183,773
DA:184,553
DA:185,1119
DA:186,553
DA:187,553
DA:188,553
DA:189,553
DA:190,119
DA:191,55
DA:192,55
DA:193,55
DA:194,48
DA:197,553
DA:198,553
DA:199,553
DA:200,663
DA:201,553
DA:203,553
DA:204,553
DA:205,663
DA:206,553
DA:209,553
DA:210,1114
DA:211,1138
DA:212,1667
DA:213,1119
DA:214,553
DA:215,553
DA:216,553
DA:217,1106
DA:218,553
DA:219,553
DA:220,553
DA:221,553
DA:222,553
DA:224,553
DA:225,1114
DA:226,1114
DA:227,0
DA:228,0
DA:230,1667
DA:231,1119
DA:232,553
DA:233,553
DA:234,553
DA:235,1106
DA:236,1063
DA:237,43
DA:238,43
DA:239,43
DA:240,0
DA:241,0
DA:243,86
DA:244,86
DA:245,43
DA:246,43
DA:247,43
DA:251,115
DA:252,63
DA:253,63
DA:254,88
DA:255,44
DA:257,126
DA:259,440
DA:260,89
DA:261,89
DA:262,32
DA:263,0
DA:264,0
DA:267,89
DA:268,8
DA:269,8
DA:271,81
DA:272,56
DA:273,25
DA:274,25
DA:276,0
DA:277,0
DA:279,81
DA:280,81
DA:281,81
DA:282,162
DA:283,0
DA:284,0
DA:285,0
DA:286,0
DA:288,0
DA:289,81
DA:290,142
DA:291,96
DA:292,153
DA:293,192
DA:294,96
DA:295,192
DA:296,96
DA:297,116
DA:298,81
DA:299,83
DA:300,142
DA:301,142
DA:302,94
DA:303,49
DA:305,142
DA:306,142
DA:307,46
DA:308,24
DA:310,142
DA:311,1182
DA:312,284
DA:313,284
DA:314,89
DA:315,46
DA:318,930
DA:319,509
DA:320,142
DA:321,142
DA:322,142
DA:323,221
DA:324,88
DA:325,110
DA:326,74
DA:327,74
DA:328,0
DA:329,0
DA:331,148
DA:332,484
DA:333,92
DA:334,92
DA:335,92
DA:337,5464
DA:338,5383
DA:339,5383
DA:341,83
DA:342,142
DA:343,142
DA:344,142
DA:346,5472
DA:347,6
DA:348,6
LH:259
LF:279
end_of_record
SF:src\integrators\liqssIntegrator.jl
DA:20,7
DA:21,7
DA:22,7
DA:23,7
DA:24,7
DA:25,7
DA:26,7
DA:27,7
DA:28,7
DA:29,7
DA:30,7
DA:31,7
DA:32,7
DA:33,7
DA:34,7
DA:35,7
DA:36,7
DA:37,7
DA:38,7
DA:39,7
DA:40,7
DA:41,7
DA:42,7
DA:44,7
DA:45,7
DA:46,7
DA:47,7
DA:48,7
DA:50,7
DA:51,7
DA:52,10
DA:53,10
DA:54,20
DA:55,30
DA:56,10
DA:57,58
DA:58,28
DA:59,20
DA:60,14
DA:61,6
DA:62,6
DA:63,0
DA:64,0
DA:66,0
DA:68,30
DA:69,13
DA:70,7
DA:71,7
DA:72,7
DA:73,14
DA:74,14
DA:75,14
DA:76,14
DA:77,25
DA:78,28
DA:79,14
DA:80,4
DA:81,4
DA:82,3
DA:83,1
DA:84,1
DA:85,1
DA:86,0
DA:90,10
DA:92,21
DA:98,7
DA:99,7
DA:100,2167
DA:101,2167
DA:102,0
DA:104,2167
DA:105,2167
DA:106,2167
DA:107,2167
DA:108,7
DA:110,2160
DA:111,2160
DA:112,2160
DA:114,2160
DA:115,1658
DA:116,1684
DA:117,1658
DA:118,1658
DA:119,2918
DA:120,3316
DA:121,1658
DA:122,1658
DA:123,1658
DA:124,1692
DA:125,1692
DA:126,1105
DA:127,1097
DA:128,1097
DA:129,1097
DA:130,1068
DA:131,1063
DA:134,1692
DA:135,2976
DA:136,2976
DA:137,616
DA:138,595
DA:140,4668
DA:141,4702
DA:142,2107
DA:143,1692
DA:144,1692
DA:145,3350
DA:147,502
DA:148,502
DA:149,632
DA:150,502
DA:151,502
DA:152,1004
DA:153,1004
DA:154,502
DA:155,632
DA:156,762
DA:157,502
DA:158,1506
DA:159,722
DA:160,502
DA:161,502
DA:162,502
DA:163,0
DA:164,0
DA:165,0
DA:166,0
DA:167,0
DA:170,502
DA:171,502
DA:172,502
DA:173,632
DA:174,502
DA:176,502
DA:177,502
DA:178,632
DA:179,502
DA:181,502
DA:182,1004
DA:183,1004
DA:184,0
DA:185,0
DA:187,1506
DA:188,1506
DA:189,722
DA:190,502
DA:191,502
DA:192,502
DA:194,2160
DA:195,2160
DA:196,2160
DA:197,7
DA:198,7
LH:141
LF:153
end_of_record
SF:src\integrators\nmliqssDiscreteIntegrator.jl
DA:21,7
DA:22,7
DA:23,7
DA:24,7
DA:25,7
DA:26,7
DA:27,7
DA:28,7
DA:29,7
DA:30,7
DA:31,7
DA:32,7
DA:33,7
DA:34,7
DA:35,7
DA:36,7
DA:37,7
DA:38,7
DA:39,7
DA:40,7
DA:41,7
DA:44,7
DA:45,7
DA:46,7
DA:47,7
DA:48,7
DA:49,7
DA:50,7
DA:51,7
DA:52,7
DA:54,7
DA:55,7
DA:56,7
DA:58,36
DA:59,7
DA:61,7
DA:62,7
DA:63,14
DA:64,14
DA:65,76
DA:66,138
DA:67,14
DA:68,446
DA:69,76
DA:70,76
DA:71,38
DA:72,38
DA:73,38
DA:74,0
DA:75,0
DA:77,0
DA:79,138
DA:80,21
DA:81,7
DA:82,7
DA:83,7
DA:84,38
DA:85,38
DA:86,38
DA:87,38
DA:88,53
DA:89,76
DA:90,38
DA:91,5
DA:92,5
DA:93,4
DA:94,1
DA:95,1
DA:96,1
DA:97,1
DA:101,33
DA:103,69
DA:104,7
DA:105,114
DA:106,18
DA:107,18
DA:108,18
DA:109,18
DA:110,29
DA:116,7
DA:117,7
DA:118,7
DA:119,7
DA:120,7
DA:121,7
DA:122,5196
DA:123,5195
DA:124,5195
DA:125,5195
DA:126,5195
DA:127,5195
DA:128,5195
DA:129,6
DA:131,5189
DA:132,5189
DA:134,5189
DA:135,4745
DA:136,4745
DA:137,4745
DA:138,9490
DA:139,4745
DA:140,4745
DA:141,4745
DA:142,9156
DA:143,9490
DA:144,4790
DA:145,15119
DA:146,15119
DA:147,29840
DA:148,14920
DA:150,19819
DA:151,4745
DA:152,4745
DA:154,4745
DA:155,4745
DA:156,15008
DA:157,51092
DA:158,51092
DA:159,16828
DA:160,8414
DA:162,66100
DA:163,15008
DA:164,15588
DA:165,15008
DA:166,15008
DA:167,15588
DA:168,15008
DA:169,15008
DA:170,9894
DA:171,1134
DA:172,13062
DA:173,1134
DA:174,1134
DA:175,1134
DA:176,4005
DA:177,1737
DA:178,3474
DA:179,1737
DA:180,1737
DA:181,1737
DA:182,0
DA:183,0
DA:185,1737
DA:186,6553
DA:187,6553
DA:188,4026
DA:189,2013
DA:191,8290
DA:192,20844
DA:193,1737
DA:194,1737
DA:195,1737
DA:197,5139
DA:198,1292
DA:199,976
DA:200,2900
DA:201,2900
DA:202,3876
DA:203,11628
DA:204,976
DA:205,976
DA:206,1952
DA:209,19753
DA:210,4745
DA:211,1002
DA:218,4745
DA:219,15008
DA:220,15008
DA:221,962
DA:222,481
DA:224,15008
DA:225,15008
DA:226,161761
DA:227,15008
DA:228,15008
DA:229,15008
DA:230,19753
DA:231,5577
DA:232,3913
DA:233,11175
DA:234,11175
DA:235,15088
DA:236,44040
DA:237,3913
DA:238,3913
DA:239,7826
DA:241,444
DA:242,141
DA:243,282
DA:244,141
DA:245,141
DA:246,282
DA:247,282
DA:248,141
DA:249,282
DA:250,423
DA:251,141
DA:252,295
DA:253,141
DA:254,141
DA:255,141
DA:256,141
DA:257,111
DA:258,51
DA:259,51
DA:260,51
DA:261,43
DA:264,141
DA:265,141
DA:266,141
DA:267,282
DA:268,141
DA:270,141
DA:271,141
DA:272,282
DA:273,141
DA:276,141
DA:277,290
DA:278,290
DA:279,16
DA:280,8
DA:282,431
DA:283,295
DA:284,141
DA:285,141
DA:286,141
DA:287,282
DA:288,141
DA:289,141
DA:290,141
DA:291,141
DA:292,141
DA:294,141
DA:295,290
DA:296,290
DA:297,431
DA:298,295
DA:299,141
DA:300,141
DA:301,141
DA:302,282
DA:303,239
DA:304,43
DA:305,43
DA:306,43
DA:307,86
DA:308,86
DA:309,43
DA:310,43
DA:311,43
DA:314,340
DA:315,654
DA:316,654
DA:317,650
DA:318,325
DA:320,920
DA:321,2954
DA:322,303
DA:323,303
DA:324,74
DA:325,16
DA:326,16
DA:329,287
DA:330,18
DA:331,18
DA:333,269
DA:334,149
DA:335,120
DA:336,120
DA:338,0
DA:339,0
DA:341,269
DA:342,269
DA:343,269
DA:344,538
DA:345,0
DA:346,0
DA:347,0
DA:348,0
DA:350,0
DA:351,269
DA:352,518
DA:353,96
DA:354,153
DA:355,192
DA:356,96
DA:357,96
DA:358,96
DA:359,96
DA:360,116
DA:361,269
DA:362,271
DA:363,2354
DA:364,2354
DA:365,3082
DA:366,1541
DA:368,2354
DA:369,2354
DA:370,852
DA:371,426
DA:373,2354
DA:374,109386
DA:375,7652
DA:376,7652
DA:377,1594
DA:378,797
DA:381,56142
DA:382,27029
DA:383,2354
DA:384,2354
DA:385,2354
DA:386,2621
DA:387,276
DA:388,870
DA:389,2286
DA:390,2286
DA:391,0
DA:392,0
DA:394,3100
DA:395,9460
DA:396,842
DA:397,842
DA:398,842
DA:400,5155
DA:401,4886
DA:402,4886
DA:404,271
DA:405,2354
DA:406,2354
DA:407,2354
DA:409,5189
DA:410,7
DA:412,7
LH:319
LF:333
end_of_record
SF:src\integrators\nmliqssIntegrator.jl
DA:20,55
DA:21,55
DA:22,55
DA:23,55
DA:24,55
DA:25,55
DA:26,55
DA:27,55
DA:28,55
DA:29,55
DA:30,55
DA:31,55
DA:32,55
DA:33,55
DA:34,55
DA:35,55
DA:36,55
DA:37,55
DA:38,55
DA:39,55
DA:40,55
DA:41,55
DA:42,55
DA:44,55
DA:45,55
DA:47,55
DA:48,55
DA:49,55
DA:51,55
DA:52,165
DA:53,165
DA:55,55
DA:57,55
DA:58,55
DA:59,76
DA:60,76
DA:61,3386
DA:62,6696
DA:63,76
DA:64,34810
DA:65,3392
DA:66,3386
DA:67,2286
DA:68,1100
DA:69,1100
DA:70,0
DA:71,0
DA:73,0
DA:75,6696
DA:76,97
DA:77,55
DA:78,55
DA:79,55
DA:80,2286
DA:81,2286
DA:82,2286
DA:83,2286
DA:84,3188
DA:85,4572
DA:86,2286
DA:87,5
DA:88,5
DA:89,3
DA:90,1
DA:91,1
DA:92,1
DA:93,1
DA:97,2281
DA:99,4517
DA:105,55
DA:106,55
DA:107,55
DA:108,687470
DA:109,687468
DA:110,0
DA:112,687468
DA:113,687468
DA:114,687468
DA:115,687468
DA:116,53
DA:118,687415
DA:119,687415
DA:120,687415
DA:122,687415
DA:123,686801
DA:124,686801
DA:125,736336
DA:126,686801
DA:127,686801
DA:128,1272557
DA:129,1373602
DA:130,686801
DA:131,686801
DA:132,1989260
DA:133,1989260
DA:134,2130564
DA:135,1984192
DA:137,2676061
DA:138,686801
DA:139,686801
DA:141,686801
DA:142,686801
DA:143,1990298
DA:144,1986334
DA:145,5838576
DA:146,5838576
DA:147,1309349
DA:148,1219131
DA:150,7824910
DA:151,1986334
DA:152,1986893
DA:153,1986334
DA:154,1986334
DA:155,1986893
DA:156,1986334
DA:157,1986334
DA:158,1235756
DA:159,74237
DA:160,776409
DA:161,74237
DA:162,74237
DA:163,74237
DA:164,74237
DA:165,233546
DA:166,85072
DA:167,137954
DA:168,85072
DA:169,85072
DA:170,101398
DA:171,85072
DA:172,273960
DA:173,273960
DA:174,102468
DA:175,67313
DA:177,359032
DA:178,889468
DA:179,85072
DA:180,85072
DA:181,85072
DA:183,307783
DA:187,2677099
DA:197,686801
DA:198,1990298
DA:199,4404295
DA:200,1990298
DA:201,1990298
DA:202,20430750
DA:203,1990339
DA:204,1990298
DA:205,1990298
DA:206,2677099
DA:208,614
DA:209,614
DA:210,854
DA:211,614
DA:212,614
DA:213,1228
DA:214,1228
DA:215,614
DA:216,854
DA:217,1094
DA:218,614
DA:219,1842
DA:220,834
DA:221,614
DA:222,614
DA:223,614
DA:224,9
DA:225,3
DA:226,3
DA:227,3
DA:228,3
DA:231,614
DA:232,614
DA:233,614
DA:234,854
DA:235,614
DA:237,614
DA:238,614
DA:239,854
DA:240,614
DA:242,614
DA:243,1228
DA:244,1228
DA:246,1842
DA:247,1842
DA:248,834
DA:249,614
DA:250,614
DA:251,614
DA:253,687415
DA:254,687415
DA:255,687415
DA:256,55
DA:257,55
LH:191
LF:195
end_of_record
SF:src\integrators\nmliqssIntegrator_tripleupdates.jl
DA:20,0
DA:21,0
DA:22,0
DA:23,0
DA:24,0
DA:25,0
DA:26,0
DA:27,0
DA:28,0
DA:29,0
DA:30,0
DA:31,0
DA:32,0
DA:33,0
DA:34,0
DA:35,0
DA:36,0
DA:37,0
DA:38,0
DA:39,0
DA:40,0
DA:41,0
DA:42,0
DA:44,0
DA:45,0
DA:47,0
DA:48,0
DA:49,0
DA:51,0
DA:52,0
DA:53,0
DA:55,0
DA:57,0
DA:58,0
DA:59,0
DA:60,0
DA:61,0
DA:62,0
DA:63,0
DA:64,0
DA:65,0
DA:66,0
DA:67,0
DA:68,0
DA:69,0
DA:70,0
DA:71,0
DA:73,0
DA:75,0
DA:76,0
DA:77,0
DA:78,0
DA:79,0
DA:80,0
DA:81,0
DA:82,0
DA:83,0
DA:84,0
DA:85,0
DA:86,0
DA:87,0
DA:88,0
DA:89,0
DA:90,0
DA:91,0
DA:92,0
DA:93,0
DA:97,0
DA:99,0
DA:105,0
DA:106,0
DA:107,0
DA:108,0
DA:109,0
DA:110,0
DA:112,0
DA:113,0
DA:114,0
DA:115,0
DA:116,0
DA:118,0
DA:119,0
DA:120,0
DA:122,0
DA:123,0
DA:124,0
DA:125,0
DA:126,0
DA:127,0
DA:128,0
DA:129,0
DA:130,0
DA:131,0
DA:132,0
DA:133,0
DA:134,0
DA:135,0
DA:137,0
DA:138,0
DA:139,0
DA:141,0
DA:142,0
DA:143,0
DA:144,0
DA:145,0
DA:146,0
DA:147,0
DA:148,0
DA:150,0
DA:151,0
DA:152,0
DA:153,0
DA:154,0
DA:155,0
DA:156,0
DA:157,0
DA:158,0
DA:159,0
DA:160,0
DA:161,0
DA:162,0
DA:163,0
DA:164,0
DA:165,0
DA:166,0
DA:167,0
DA:168,0
DA:169,0
DA:170,0
DA:171,0
DA:172,0
DA:173,0
DA:174,0
DA:175,0
DA:177,0
DA:178,0
DA:179,0
DA:180,0
DA:181,0
DA:183,0
DA:187,0
DA:197,0
DA:198,0
DA:199,0
DA:200,0
DA:201,0
DA:202,0
DA:203,0
DA:204,0
DA:205,0
DA:206,0
DA:208,0
DA:209,0
DA:210,0
DA:211,0
DA:212,0
DA:213,0
DA:214,0
DA:215,0
DA:216,0
DA:217,0
DA:218,0
DA:219,0
DA:220,0
DA:221,0
DA:222,0
DA:223,0
DA:224,0
DA:225,0
DA:226,0
DA:227,0
DA:228,0
DA:231,0
DA:232,0
DA:233,0
DA:234,0
DA:235,0
DA:237,0
DA:238,0
DA:239,0
DA:240,0
DA:242,0
DA:243,0
DA:244,0
DA:246,0
DA:247,0
DA:248,0
DA:249,0
DA:250,0
DA:251,0
DA:253,0
DA:254,0
DA:255,0
DA:256,0
DA:257,0
LH:0
LF:195
end_of_record
SF:src\integrators\qssDiscreteIntegrator.jl
DA:26,4
DA:27,4
DA:28,4
DA:29,4
DA:30,4
DA:31,4
DA:32,4
DA:33,4
DA:34,4
DA:35,4
DA:36,4
DA:37,4
DA:38,4
DA:39,4
DA:40,4
DA:41,4
DA:42,4
DA:43,4
DA:44,4
DA:45,4
DA:46,4
DA:47,4
DA:48,4
DA:49,4
DA:50,4
DA:51,4
DA:52,4
DA:53,14
DA:54,4
DA:55,4
DA:56,4
DA:57,7
DA:58,7
DA:59,31
DA:60,55
DA:61,7
DA:62,80
DA:63,31
DA:64,31
DA:65,18
DA:66,13
DA:67,13
DA:68,0
DA:69,0
DA:71,0
DA:73,55
DA:74,10
DA:75,4
DA:76,4
DA:77,4
DA:78,18
DA:79,18
DA:80,18
DA:81,18
DA:82,30
DA:83,36
DA:84,18
DA:85,4
DA:86,4
DA:87,6
DA:88,2
DA:89,2
DA:90,2
DA:91,2
DA:95,14
DA:97,32
DA:98,4
DA:99,20
DA:100,7
DA:101,7
DA:102,7
DA:103,7
DA:104,10
DA:105,4
DA:106,4
DA:107,4
DA:108,4
DA:109,4
DA:116,5221
DA:117,5221
DA:118,5221
DA:119,5221
DA:120,5221
DA:121,5221
DA:122,5221
DA:123,4
DA:125,5217
DA:126,5217
DA:127,5217
DA:128,4705
DA:129,4705
DA:130,4705
DA:131,5630
DA:132,4705
DA:133,4705
DA:134,8986
DA:135,9410
DA:136,4705
DA:137,5630
DA:138,6555
DA:139,4705
DA:140,4705
DA:141,4705
DA:142,8681
DA:143,8681
DA:144,5526
DA:145,4368
DA:147,8681
DA:148,8681
DA:149,4628
DA:150,3919
DA:152,8681
DA:153,18481
DA:154,18481
DA:155,6874
DA:156,5186
DA:158,27162
DA:159,19488
DA:160,8681
DA:161,8681
DA:162,8681
DA:163,13386
DA:164,8971
DA:165,439
DA:166,878
DA:167,878
DA:168,1317
DA:169,1756
DA:170,439
DA:171,439
DA:172,878
DA:173,512
DA:174,507
DA:175,576
DA:176,507
DA:177,507
DA:178,1014
DA:179,1014
DA:180,507
DA:181,576
DA:182,645
DA:183,507
DA:184,1026
DA:185,507
DA:186,507
DA:187,507
DA:188,507
DA:189,84
DA:190,35
DA:191,35
DA:192,35
DA:193,28
DA:196,507
DA:197,507
DA:198,507
DA:199,576
DA:200,507
DA:202,507
DA:203,507
DA:204,576
DA:205,507
DA:207,507
DA:208,1019
DA:209,1034
DA:210,1526
DA:211,1026
DA:212,507
DA:213,507
DA:214,507
DA:215,1014
DA:216,507
DA:217,507
DA:218,507
DA:219,507
DA:220,507
DA:221,507
DA:222,1019
DA:223,1019
DA:224,1526
DA:225,1026
DA:226,507
DA:227,507
DA:228,507
DA:229,1014
DA:230,1014
DA:231,0
DA:232,0
DA:233,0
DA:234,0
DA:235,0
DA:237,0
DA:238,0
DA:239,0
DA:240,0
DA:241,0
DA:243,10
DA:244,0
DA:245,0
DA:246,0
DA:247,0
DA:249,0
DA:250,12
DA:251,5
DA:252,5
DA:253,5
DA:254,0
DA:255,0
DA:258,5
DA:259,0
DA:260,0
DA:262,5
DA:263,5
DA:264,0
DA:265,0
DA:267,0
DA:268,0
DA:270,5
DA:271,5
DA:272,5
DA:273,10
DA:274,0
DA:275,0
DA:276,0
DA:277,0
DA:279,0
DA:280,5
DA:281,7
DA:282,11
DA:283,17
DA:284,22
DA:285,51
DA:286,11
DA:287,11
DA:288,11
DA:289,14
DA:290,5
DA:291,6
DA:292,13
DA:293,24
DA:294,13
DA:295,13
DA:296,4
DA:297,3
DA:299,13
DA:300,147
DA:301,26
DA:302,26
DA:303,3
DA:304,3
DA:307,111
DA:308,23
DA:309,13
DA:310,13
DA:311,13
DA:312,17
DA:313,10
DA:314,0
DA:315,0
DA:316,0
DA:317,0
DA:318,0
DA:320,0
DA:321,0
DA:322,0
DA:324,0
DA:325,0
DA:327,5217
DA:328,5212
DA:329,5212
DA:331,6
DA:332,13
DA:333,13
DA:334,13
DA:336,5217
DA:337,4
DA:338,4
LH:235
LF:276
end_of_record
SF:src\integrators\qssIntegrator.jl
DA:20,11
DA:21,11
DA:22,11
DA:23,11
DA:24,11
DA:25,11
DA:26,11
DA:27,11
DA:28,11
DA:29,11
DA:30,11
DA:31,11
DA:32,11
DA:33,11
DA:34,11
DA:35,11
DA:36,11
DA:37,11
DA:38,11
DA:39,11
DA:40,11
DA:41,11
DA:42,11
DA:43,11
DA:44,11
DA:45,18
DA:46,18
DA:47,36
DA:48,54
DA:49,18
DA:50,110
DA:51,52
DA:52,36
DA:53,22
DA:54,14
DA:55,14
DA:56,0
DA:57,0
DA:59,0
DA:61,54
DA:62,25
DA:63,11
DA:64,11
DA:65,11
DA:66,22
DA:67,22
DA:68,22
DA:69,22
DA:70,37
DA:71,44
DA:72,22
DA:73,5
DA:74,5
DA:75,3
DA:76,1
DA:77,1
DA:78,1
DA:79,1
DA:83,17
DA:85,33
DA:86,11
DA:87,11
DA:94,2738
DA:95,2738
DA:96,2738
DA:97,2738
DA:98,2738
DA:99,2738
DA:100,2738
DA:101,2738
DA:102,11
DA:104,2727
DA:105,2218
DA:106,2218
DA:107,2590
DA:108,2218
DA:109,2218
DA:110,3835
DA:111,4436
DA:112,2218
DA:113,2590
DA:114,2962
DA:115,2218
DA:116,2218
DA:117,2358
DA:118,2117
DA:119,2117
DA:120,1495
DA:121,1293
DA:123,2117
DA:124,2117
DA:125,1449
DA:126,1254
DA:128,2117
DA:129,3632
DA:130,3632
DA:131,861
DA:132,824
DA:134,5749
DA:135,5990
DA:136,2595
DA:137,2117
DA:138,2117
DA:139,4195
DA:140,509
DA:141,509
DA:142,646
DA:143,509
DA:144,509
DA:145,1018
DA:146,1018
DA:147,509
DA:148,646
DA:149,783
DA:150,509
DA:151,1527
DA:152,736
DA:153,509
DA:154,509
DA:155,509
DA:156,0
DA:157,0
DA:158,0
DA:159,0
DA:160,0
DA:163,509
DA:164,509
DA:165,509
DA:166,646
DA:167,509
DA:169,509
DA:170,509
DA:171,646
DA:172,509
DA:174,509
DA:175,1011
DA:176,1011
DA:177,1520
DA:178,1527
DA:179,736
DA:180,509
DA:181,509
DA:182,509
DA:184,2727
DA:185,2727
DA:186,2727
DA:187,11
DA:188,11
LH:140
LF:148
end_of_record
SF:src\interface\macroInterface.jl
DA:37,2
DA:38,2
DA:39,2
DA:40,2
DA:41,2
DA:42,2
DA:43,2
DA:45,2
DA:46,2
DA:47,0
DA:48,0
DA:49,0
DA:50,0
DA:51,0
DA:53,0
DA:54,0
DA:55,0
DA:57,0
DA:62,2
DA:66,1
DA:67,1
DA:68,1
DA:83,2
DA:100,2
DA:102,2
DA:104,2
DA:105,2
DA:106,2
DA:107,2
DA:108,2
DA:109,2
DA:110,2
DA:111,2
DA:112,9
DA:113,16
DA:114,8
DA:115,0
DA:116,12
DA:117,0
DA:118,0
DA:119,8
DA:120,2
DA:121,0
DA:122,0
DA:123,0
DA:125,0
DA:126,0
DA:127,0
DA:129,0
DA:130,0
DA:131,2
DA:134,6
DA:135,2
DA:136,2
DA:137,2
DA:138,2
DA:139,2
DA:141,2
DA:143,4
DA:144,2
DA:145,2
DA:146,0
DA:147,8
DA:150,0
DA:151,0
DA:152,1
DA:153,1
DA:154,1
DA:157,1
DA:158,1
DA:159,1
DA:160,1
DA:161,2
DA:163,1
DA:165,1
DA:166,1
DA:167,0
DA:168,0
DA:169,0
DA:172,11
DA:173,2
LH:55
LF:81
end_of_record
SF:src\interface\main copy.jl
DA:15,0
DA:16,0
DA:17,0
DA:18,0
DA:19,0
DA:20,0
DA:21,0
DA:22,0
DA:23,0
DA:24,0
DA:25,0
DA:26,0
DA:27,0
DA:29,0
DA:31,0
DA:32,0
DA:46,0
DA:47,0
DA:48,0
DA:67,0
DA:68,0
DA:70,0
DA:71,0
DA:72,0
DA:73,0
DA:74,0
DA:75,0
DA:76,0
DA:77,0
DA:78,0
DA:79,0
DA:80,0
DA:81,0
DA:82,0
DA:84,0
DA:85,0
DA:92,0
DA:93,0
DA:94,0
DA:96,0
DA:97,0
DA:100,0
DA:102,0
DA:103,0
DA:104,0
DA:105,0
DA:112,0
DA:113,0
DA:115,0
DA:116,0
DA:118,0
DA:119,0
DA:120,0
DA:123,0
DA:124,0
DA:125,0
DA:126,0
DA:127,0
DA:129,0
DA:131,0
DA:132,0
DA:133,0
DA:134,0
DA:135,0
DA:140,0
DA:141,0
LH:0
LF:66
end_of_record
SF:src\interface\main.jl
DA:15,20
DA:16,40
DA:17,20
DA:18,20
DA:19,20
DA:20,20
DA:21,20
DA:22,20
DA:23,20
DA:24,20
DA:25,20
DA:26,20
DA:27,2
DA:29,20
DA:31,20
DA:32,20
DA:46,13
DA:47,13
DA:48,13
DA:52,20
DA:66,28
DA:67,48
DA:68,58
DA:70,20
DA:71,20
DA:72,132
DA:73,208
DA:74,104
DA:75,29
DA:76,107
DA:77,26
DA:78,26
DA:79,49
DA:80,39
DA:81,1
DA:83,38
DA:84,32
DA:85,32
DA:86,0
DA:89,6
DA:90,5
DA:91,104
DA:104,28
DA:105,0
DA:106,0
DA:107,10
DA:114,10
DA:115,2
DA:117,10
DA:118,1
DA:120,18
DA:121,18
DA:122,18
DA:125,18
DA:126,18
DA:127,18
DA:128,18
DA:129,36
DA:131,18
DA:133,18
DA:134,12
DA:135,6
DA:136,6
DA:137,6
DA:142,152
DA:143,20
LH:63
LF:66
end_of_record
SF:src\interface\solve.jl
DA:2,2
DA:3,1
DA:20,4
DA:21,2
DA:40,176
DA:41,88
DA:42,88
DA:64,90
DA:65,90
DA:66,90
DA:67,90
DA:68,90
DA:69,90
DA:70,15
DA:72,2363
DA:73,75
DA:76,180
DA:77,4304544
DA:78,4304364
DA:80,180
DA:103,90
DA:104,2403
DA:105,90
DA:106,90
DA:107,90
DA:108,90
DA:109,2403
DA:110,2403
DA:111,2403
DA:112,2403
DA:113,90
DA:114,226
DA:115,90
DA:116,90
DA:117,117
DA:118,90
DA:119,38
DA:120,65
DA:121,90
DA:122,2403
DA:123,2403
DA:124,5997
DA:125,2403
DA:126,5997
DA:127,2403
DA:128,2403
DA:129,2403
DA:130,2403
DA:131,4716
DA:132,90
DA:133,90
DA:134,860
DA:135,594
DA:136,90
DA:154,75
DA:155,75
DA:156,75
DA:157,75
DA:158,2363
DA:159,2363
DA:160,4651
DA:161,75
DA:162,75
DA:165,43
DA:166,43
LH:65
LF:65
end_of_record
SF:src\problem\qssProblemContinuous.jl
DA:17,14
DA:18,14
DA:19,14
DA:20,14
DA:21,14
DA:23,14
DA:24,14
DA:25,14
DA:26,14
DA:27,99
DA:28,0
DA:30,82
DA:31,62
DA:40,31
DA:41,2
DA:42,29
DA:43,1
DA:44,56
DA:45,5
DA:46,5
DA:48,23
DA:49,23
DA:50,23
DA:51,15
DA:53,54
DA:55,20
DA:56,0
DA:57,0
DA:62,3
DA:63,3
DA:64,3
DA:65,3
DA:66,22
DA:67,20
DA:68,26
DA:69,17
DA:70,21
DA:72,10
DA:74,65
DA:76,14
DA:77,24
DA:78,3
DA:81,14
DA:82,14
DA:90,14
DA:92,0
DA:93,0
DA:94,0
DA:96,14
DA:97,14
DA:98,14
DA:100,14
DA:101,14
DA:102,14
DA:107,1
DA:108,1
DA:109,1
DA:110,1
DA:111,1
DA:112,1
LH:54
LF:60
end_of_record
SF:src\problem\qssProblemContinuousHelper.jl
DA:16,115
DA:17,115
DA:18,727
DA:19,112
DA:20,112
DA:21,112
DA:22,112
DA:24,579
DA:26,115
DA:47,228
DA:48,228
DA:49,80
DA:50,16
DA:51,48
DA:52,21
DA:53,6
DA:54,3
DA:55,0
DA:56,0
DA:58,40
DA:61,188
DA:63,228
DA:89,91
DA:90,91
DA:91,736
DA:92,260
DA:93,90
DA:94,90
DA:96,40
DA:99,566
DA:101,91
DA:128,116
DA:129,116
DA:130,1574
DA:131,711
DA:152,1574
DA:154,116
DA:185,712
DA:186,1167
DA:187,280
DA:188,548
DA:189,159
DA:190,778
DA:191,22
DA:192,367
DA:193,36
DA:195,712
DA:222,28
DA:223,28
DA:224,28
DA:225,454
DA:226,200
DA:227,67
DA:228,134
DA:229,67
DA:231,454
DA:233,33
DA:234,56
DA:235,51
DA:236,50
DA:237,100
DA:238,50
DA:239,50
DA:240,100
DA:241,55
DA:269,3
DA:270,3
DA:271,3
DA:272,99
DA:273,14
DA:276,14
DA:277,28
DA:278,14
DA:280,99
DA:282,3
DA:283,6
DA:284,15
DA:285,8
DA:286,8
DA:287,8
DA:288,8
DA:289,8
DA:290,16
DA:291,6
DA:314,22
DA:315,22
DA:316,22
DA:317,1078
DA:318,2134
DA:319,44
DA:320,43
DA:321,33
DA:322,10
DA:323,10
DA:324,1035
DA:325,2070
DA:326,4133
DA:327,15411
DA:328,3084
DA:330,9
DA:332,6186
DA:333,1035
DA:334,1035
DA:336,64
DA:337,22
DA:358,22
DA:359,22
DA:360,22
DA:361,1078
DA:362,2134
DA:363,44
DA:364,43
DA:365,66
DA:366,65
DA:367,128
DA:368,10
DA:369,10
DA:370,2070
DA:371,4133
DA:372,15411
DA:373,3084
DA:375,9
DA:377,6186
DA:379,1035
DA:381,64
DA:382,22
DA:425,22
DA:426,22
DA:427,44
DA:428,91
DA:429,64
DA:430,94
DA:431,64
DA:432,27
DA:433,27
DA:434,51
DA:435,27
DA:437,160
DA:438,22
DA:439,22
DA:440,22
DA:441,22
DA:443,22
DA:444,22
DA:445,22
DA:446,22
DA:447,154
DA:448,22
DA:449,22
DA:484,14
DA:485,14
DA:486,28
DA:487,37
DA:488,68
DA:489,34
DA:490,62
DA:492,34
DA:493,3
DA:495,54
DA:496,14
DA:498,14
DA:499,14
DA:502,14
DA:503,14
DA:505,14
DA:506,14
DA:507,14
DA:508,14
DA:509,84
DA:510,14
DA:511,14
LH:169
LF:171
end_of_record
SF:src\problem\qssProblemDefinition.jl
DA:19,2
DA:52,28
DA:92,2
DA:135,16
LH:4
LF:4
end_of_record
SF:src\problem\qssProblemDiscrete.jl
DA:8,8
DA:10,8
DA:11,8
DA:12,8
DA:13,8
DA:14,8
DA:15,8
DA:16,8
DA:17,8
DA:18,8
DA:19,8
DA:20,8
DA:21,8
DA:22,8
DA:23,8
DA:24,8
DA:25,8
DA:26,154
DA:27,0
DA:29,101
DA:30,22
DA:31,21
DA:32,6
DA:33,6
DA:34,0
DA:35,0
DA:37,6
DA:38,6
DA:39,6
DA:40,3
DA:42,17
DA:44,79
DA:45,0
DA:46,0
DA:47,7
DA:48,7
DA:49,7
DA:50,7
DA:51,4
DA:53,7
DA:54,72
DA:55,19
DA:56,19
DA:57,19
DA:58,38
DA:59,0
DA:61,19
DA:62,19
DA:63,1
DA:65,19
DA:66,79
DA:67,98
DA:68,139
DA:69,56
DA:71,5
DA:74,98
DA:76,8
DA:77,11
DA:78,2
DA:81,8
DA:83,0
DA:84,0
DA:85,0
DA:87,8
DA:88,8
DA:89,8
DA:91,8
DA:92,8
DA:94,8
DA:95,8
DA:96,8
DA:97,8
DA:104,8
DA:109,8
DA:111,8
DA:112,8
DA:115,8
DA:119,1
DA:120,1
DA:121,1
DA:122,1
DA:123,1
DA:124,1
LH:74
LF:83
end_of_record
SF:src\problem\qssProblemDiscreteHelper.jl
DA:11,38
DA:63,6
DA:64,6
DA:66,6
DA:67,115
DA:68,36
DA:69,14
DA:71,8
DA:72,4
DA:73,4
DA:74,2
DA:76,4
DA:77,4
DA:80,18
DA:81,36
DA:82,18
DA:84,115
DA:87,6
DA:88,12
DA:89,14
DA:90,14
DA:91,28
DA:92,14
DA:93,14
DA:94,28
DA:95,12
DA:118,7
DA:119,7
DA:120,7
DA:121,241
DA:122,76
DA:123,21
DA:124,34
DA:125,17
DA:126,13
DA:127,13
DA:128,9
DA:130,13
DA:131,13
DA:135,38
DA:136,76
DA:137,38
DA:139,241
DA:141,7
DA:142,14
DA:143,37
DA:144,19
DA:145,19
DA:146,19
DA:147,19
DA:148,19
DA:149,38
DA:150,7
DA:170,19
DA:171,19
DA:173,19
DA:174,541
DA:175,30
DA:176,30
DA:177,30
DA:178,12
DA:180,30
DA:181,30
DA:182,481
DA:183,44
DA:184,44
DA:185,34
DA:187,44
DA:188,44
DA:190,467
DA:192,19
DA:213,19
DA:218,19
DA:219,13
DA:220,13
DA:221,13
DA:224,19
DA:225,19
DA:227,19
DA:228,6
DA:229,6
DA:231,13
DA:234,19
DA:235,19
DA:236,19
DA:237,19
DA:239,19
DA:240,19
DA:241,19
DA:242,19
DA:243,88
DA:244,88
DA:245,67
DA:246,88
DA:247,21
DA:249,23
DA:251,44
DA:252,62
DA:253,0
DA:255,58
DA:259,44
DA:261,19
DA:262,19
DA:263,19
DA:264,38
DA:265,6
DA:266,20
DA:267,19
DA:268,20
DA:269,1
DA:271,9
DA:273,10
DA:274,40
DA:275,1
DA:277,30
DA:280,10
DA:282,19
DA:283,19
DA:284,19
DA:285,19
DA:305,8
DA:306,8
DA:307,8
DA:308,40
DA:309,72
DA:310,12
DA:311,18
DA:312,32
DA:313,8
DA:332,8
DA:333,8
DA:334,8
DA:335,18
DA:336,31
DA:337,12
DA:338,6
DA:339,12
DA:340,10
DA:341,2
DA:342,8
DA:343,8
DA:344,32
DA:345,32
DA:347,20
DA:348,6
DA:349,8
DA:350,8
DA:377,8
DA:378,8
DA:379,8
DA:380,8
DA:381,8
DA:382,16
DA:383,38
DA:384,38
DA:385,68
DA:386,16
DA:387,38
DA:388,38
DA:389,38
DA:390,56
DA:391,32
DA:392,46
DA:393,140
DA:394,158
DA:396,32
DA:397,32
DA:398,54
DA:400,64
DA:401,81
DA:402,162
DA:403,52
DA:404,38
DA:405,38
DA:406,68
DA:407,8
DA:434,8
DA:435,8
DA:436,8
DA:437,8
DA:438,16
DA:439,38
DA:440,38
DA:441,68
DA:442,16
DA:443,38
DA:444,38
DA:445,38
DA:446,68
DA:447,22
DA:448,37
DA:449,59
DA:450,22
DA:451,22
DA:452,8
DA:454,44
DA:455,4
DA:456,8
DA:457,30
DA:458,38
DA:459,38
DA:460,68
DA:461,8
DA:480,16
DA:481,16
DA:482,16
DA:483,32
DA:484,76
DA:485,136
DA:486,32
DA:487,76
DA:488,119
DA:489,189
DA:490,222
DA:491,141
DA:492,26
DA:493,37
DA:494,76
DA:495,136
DA:496,16
DA:500,8
DA:503,8
DA:504,16
DA:505,25
DA:506,36
DA:507,18
DA:508,22
DA:510,18
DA:511,7
DA:513,28
DA:514,8
DA:515,8
DA:517,8
DA:518,8
DA:520,8
DA:521,8
DA:522,13
DA:523,11
DA:524,17
DA:525,8
DA:526,8
DA:527,8
DA:530,8
DA:531,8
DA:532,16
DA:533,30
DA:534,52
DA:535,8
DA:536,8
DA:537,8
DA:540,8
DA:541,8
DA:542,8
DA:543,8
DA:544,64
DA:545,8
DA:546,8
LH:256
LF:257
end_of_record
SF:src\problem\taylorEquationConstruction.jl
DA:20,13
DA:22,13
DA:23,13
DA:24,13
DA:25,13
DA:26,13
DA:46,58
DA:47,58
DA:48,58
DA:50,2138
DA:51,95
DA:52,12
DA:53,12
DA:54,12
DA:55,12
DA:56,12
DA:57,12
DA:58,12
DA:59,12
DA:60,71
DA:61,4
DA:62,4
DA:63,4
DA:64,4
DA:65,4
DA:66,4
DA:67,4
DA:69,4
DA:70,63
DA:71,16
DA:72,16
DA:73,16
DA:74,16
DA:75,16
DA:76,16
DA:77,16
DA:78,16
DA:80,26
DA:81,26
DA:82,26
DA:83,26
DA:84,84
DA:86,2191
DA:87,8
DA:88,8
DA:89,8
DA:90,8
DA:91,8
DA:93,2051
DA:94,63
DA:95,12
DA:96,12
DA:97,12
DA:98,12
DA:99,12
DA:100,12
DA:101,12
DA:102,12
DA:103,39
DA:104,5
DA:105,5
DA:106,5
DA:107,5
DA:108,5
DA:109,5
DA:110,5
DA:111,5
DA:113,29
DA:114,29
DA:115,29
DA:116,29
DA:117,75
DA:119,2083
DA:120,6
DA:121,6
DA:122,6
DA:123,6
DA:124,6
DA:126,1997
DA:127,50
DA:128,50
DA:129,50
DA:130,50
DA:131,50
DA:132,1971
DA:133,13
DA:134,13
DA:135,13
DA:136,13
DA:137,13
DA:138,13
DA:139,13
DA:140,13
DA:141,13
DA:142,1904
DA:143,22
DA:144,22
DA:145,22
DA:146,22
DA:147,22
DA:148,1900
DA:149,2
DA:150,2
DA:151,2
DA:152,2
DA:153,1897
DA:154,3
DA:155,3
DA:156,3
DA:157,3
DA:158,3
DA:159,1891
DA:160,2
DA:161,2
DA:162,2
DA:163,2
DA:165,2
DA:166,2
DA:167,2
DA:168,2
DA:170,1886
DA:172,1
DA:173,1
DA:174,1
DA:175,1
DA:177,1
DA:178,1
DA:179,1
DA:180,1
DA:182,1
DA:183,1
DA:184,1
DA:185,1
DA:186,1852
DA:188,0
DA:189,2063
DA:191,58
DA:192,58
LH:137
LF:138
end_of_record
SF:src\quantizers\quantizerLiqss1.jl
DA:26,642297
DA:27,642297
DA:28,647154
DA:29,642297
DA:30,642297
DA:31,642297
DA:32,642297
DA:33,642297
DA:34,642297
DA:35,642297
DA:36,642297
DA:37,642297
DA:38,642297
DA:39,623545
DA:40,623545
DA:41,623545
DA:42,623545
DA:43,623545
DA:44,623545
DA:45,620354
DA:46,562794
DA:47,562794
DA:48,57560
DA:49,35875
DA:50,35875
DA:52,21685
DA:53,642039
DA:56,3191
DA:57,2021
DA:58,2021
DA:59,1170
DA:60,1170
DA:61,1170
DA:63,0
DA:64,0
DA:65,0
DA:67,0
DA:68,623545
DA:83,18752
DA:85,18751
DA:86,18751
DA:88,1
DA:89,1
DA:92,642297
DA:93,642297
DA:94,642297
DA:121,1194
DA:122,1194
DA:123,1204
DA:124,1194
DA:125,1194
DA:126,1194
DA:127,1194
DA:128,1194
DA:129,1194
DA:130,1194
DA:131,1194
DA:132,1194
DA:133,1194
DA:134,1115
DA:135,1115
DA:136,1115
DA:137,1115
DA:138,1115
DA:139,1115
DA:140,1109
DA:141,18
DA:142,18
DA:143,1091
DA:144,79
DA:145,79
DA:147,1012
DA:148,2121
DA:151,6
DA:152,4
DA:153,4
DA:154,2
DA:155,2
DA:156,2
DA:158,0
DA:159,0
DA:160,0
DA:162,0
DA:163,1115
DA:178,79
DA:180,63
DA:181,63
DA:183,16
DA:184,16
DA:187,1194
DA:188,1194
DA:189,1194
DA:210,1907955
DA:211,1907955
DA:212,1907955
DA:213,1907955
DA:214,1907955
DA:215,1907955
DA:216,2
DA:218,1907953
DA:219,1905110
DA:220,1905110
DA:221,1871859
DA:222,33251
DA:223,32352
DA:224,20441
DA:226,1917021
DA:230,2843
DA:233,1907955
DA:234,0
LH:101
LF:110
end_of_record
SF:src\quantizers\quantizerLiqss2.jl
DA:26,55929
DA:27,55929
DA:28,56734
DA:29,55929
DA:31,55929
DA:32,55929
DA:33,55929
DA:34,55929
DA:35,55929
DA:36,55929
DA:37,55929
DA:38,55929
DA:39,55929
DA:40,55929
DA:41,55929
DA:42,55929
DA:43,55929
DA:44,55929
DA:45,55929
DA:46,55158
DA:47,23965
DA:48,6789
DA:49,6789
DA:51,17176
DA:52,41141
DA:55,31193
DA:56,31193
DA:57,6924
DA:58,6924
DA:60,24269
DA:61,55462
DA:64,0
DA:65,0
DA:67,55158
DA:68,41445
DA:69,41445
DA:71,41445
DA:74,68871
DA:78,771
DA:79,765
DA:80,765
DA:81,765
DA:84,6
DA:86,0
DA:87,0
DA:88,0
DA:90,6
DA:91,6
DA:92,6
DA:96,55929
DA:97,55929
DA:98,55929
DA:99,55929
DA:109,1150
DA:110,1150
DA:111,1168
DA:112,1150
DA:113,1150
DA:114,1150
DA:115,1150
DA:116,1150
DA:117,1150
DA:118,1150
DA:119,1150
DA:120,1150
DA:121,1150
DA:122,1150
DA:123,1150
DA:124,1150
DA:125,1150
DA:126,1150
DA:127,1150
DA:128,1111
DA:129,1075
DA:130,1004
DA:131,1004
DA:133,71
DA:134,1146
DA:137,36
DA:138,36
DA:139,0
DA:140,0
DA:142,36
DA:143,72
DA:146,0
DA:147,0
DA:149,1111
DA:150,107
DA:151,107
DA:153,107
DA:156,2115
DA:159,39
DA:160,32
DA:161,32
DA:162,32
DA:164,7
DA:165,0
DA:166,0
DA:167,0
DA:169,7
DA:170,7
DA:171,7
DA:175,1150
DA:176,1150
DA:177,1150
DA:178,1150
DA:198,272610
DA:199,272610
DA:200,272610
DA:201,272610
DA:202,272610
DA:203,272610
DA:204,272610
DA:205,272610
DA:206,272610
DA:207,5
DA:209,272605
DA:210,272605
DA:211,126399
DA:212,126399
DA:213,77040
DA:215,146206
DA:216,145363
DA:217,145363
DA:218,88955
DA:221,272605
DA:222,6
LH:115
LF:127
end_of_record
SF:src\quantizers\quantizerMliqss1.jl
DA:32,1144612
DA:33,2289224
DA:34,1144612
DA:35,2289224
DA:36,1144612
DA:37,1144612
DA:38,1144612
DA:39,1144612
DA:40,1144612
DA:41,1144612
DA:42,1144612
DA:43,1144612
DA:44,1144612
DA:45,1144612
DA:46,1144612
DA:47,1144612
DA:48,1144612
DA:49,1144612
DA:50,1144612
DA:51,1144612
DA:52,1144612
DA:53,1144612
DA:55,2239802
DA:58,1144612
DA:59,34905
DA:60,34905
DA:61,34905
DA:62,34905
DA:63,68401
DA:64,7860
DA:65,3930
DA:66,3930
DA:67,3930
DA:68,0
DA:70,3930
DA:71,3930
DA:73,34905
DA:74,70017
DA:75,219
DA:76,219
DA:77,109
DA:79,110
DA:80,110
DA:81,110
DA:82,110
DA:83,110
DA:84,0
DA:86,110
DA:87,110
DA:89,110
DA:91,34796
DA:92,34796
DA:93,34796
DA:95,1144503
DA:287,3040
DA:289,3040
DA:292,3051
DA:293,3051
DA:294,3
DA:296,3048
DA:300,3051
DA:301,3051
DA:302,3
DA:305,3048
DA:309,1102149
DA:310,1102149
DA:312,32842
DA:315,1069307
DA:319,3468
DA:320,3468
DA:322,266
DA:325,3202
DA:329,3754
DA:330,13935
DA:332,259
DA:335,3235
DA:338,3823
DA:339,13830
DA:341,266
DA:344,3202
DA:349,3051
DA:350,3051
DA:351,3
DA:352,0
DA:354,3
DA:355,0
DA:357,3
DA:358,0
DA:360,3
DA:361,0
DA:363,3
DA:366,3048
DA:369,3051
DA:370,3051
DA:371,3
DA:372,0
DA:374,3
DA:375,0
DA:377,3
DA:378,0
DA:380,3
DA:381,0
DA:383,3
DA:387,3048
DA:391,3494
DA:392,3494
DA:393,259
DA:394,0
DA:396,259
DA:397,0
DA:399,259
DA:400,0
DA:402,259
DA:403,0
DA:405,259
DA:408,3235
DA:412,3468
DA:413,3468
DA:414,266
DA:415,0
DA:417,266
DA:418,0
DA:420,266
DA:421,0
DA:423,266
DA:424,0
DA:426,266
DA:429,3202
DA:433,3051
DA:434,3051
DA:436,3
DA:439,3048
DA:443,3388
DA:444,3388
DA:446,366
DA:449,3022
DA:453,3388
DA:454,3388
DA:456,366
DA:459,3022
LH:122
LF:140
end_of_record
SF:src\quantizers\quantizerMliqss2.jl
DA:7,101038
DA:8,202076
DA:9,101038
DA:10,202076
DA:11,101038
DA:12,101038
DA:13,101038
DA:14,1010380
DA:15,202076
DA:16,202076
DA:17,101038
DA:18,404152
DA:19,101038
DA:20,404152
DA:21,101038
DA:22,101038
DA:23,101038
DA:24,101038
DA:25,101038
DA:26,101038
DA:27,101038
DA:28,101038
DA:29,101071
DA:30,101038
DA:31,101038
DA:32,101038
DA:33,101038
DA:34,101038
DA:35,101038
DA:36,101038
DA:37,101038
DA:38,101038
DA:39,101038
DA:40,101038
DA:41,101038
DA:42,101145
DA:43,101038
DA:44,101038
DA:45,101038
DA:46,101038
DA:47,101038
DA:48,101038
DA:51,101205
DA:63,101038
DA:64,40688
DA:65,40688
DA:66,40688
DA:67,40688
DA:68,40688
DA:69,40688
DA:70,40688
DA:71,40688
DA:72,40688
DA:73,40688
DA:74,40688
DA:75,40688
DA:76,40688
DA:77,40688
DA:78,40688
DA:79,40688
DA:80,40688
DA:81,40688
DA:82,40688
DA:83,40688
DA:84,40688
DA:85,40688
DA:86,40688
DA:87,203440
DA:88,40688
DA:89,40688
DA:90,40688
DA:91,40688
DA:94,69866
DA:95,28768
DA:96,14384
DA:97,14384
DA:98,14384
DA:99,71920
DA:100,14384
DA:101,14384
DA:102,14384
DA:103,14384
DA:107,40688
DA:108,81449
DA:109,252
DA:110,252
DA:112,113
DA:114,139
DA:115,139
DA:116,139
DA:117,139
DA:118,139
DA:119,695
DA:120,139
DA:121,139
DA:122,139
DA:123,139
DA:126,139
DA:128,40575
DA:129,0
DA:130,0
DA:132,40575
DA:133,0
DA:134,0
DA:136,40575
DA:137,40575
DA:138,40575
DA:139,40575
DA:140,40575
DA:141,40575
DA:142,40575
DA:144,100925
DA:149,80
DA:150,80
DA:154,75
DA:155,145
DA:157,21
DA:158,8
DA:160,4
DA:163,63
DA:166,61
DA:167,120
DA:169,13
DA:170,3
DA:172,4
DA:175,54
DA:179,100587
DA:180,181789
DA:182,73077
DA:183,40665
DA:185,10930
DA:188,48992
DA:192,67
DA:193,126
DA:195,41
DA:196,11
DA:198,11
DA:201,45
DA:206,88
DA:207,88
DA:208,1
DA:211,87
DA:215,80
DA:216,80
DA:217,0
DA:219,80
LH:141
LF:146
end_of_record
SF:src\quantizers\quantizerQss.jl
DA:6,3013904
DA:8,3013904
DA:22,959170
DA:23,1268423
DA:37,57866
DA:38,115732
DA:39,57866
DA:54,1921437
DA:55,1921437
DA:56,1921437
DA:70,276732
DA:71,276732
DA:72,276732
DA:73,276732
DA:95,7648
DA:96,7648
DA:97,7648
DA:98,7642
DA:99,7642
DA:100,7642
DA:102,0
DA:103,7642
DA:106,6
DA:108,7648
DA:128,2171
DA:129,2171
DA:130,2171
DA:131,1436
DA:132,1436
DA:133,1436
DA:135,0
DA:136,1436
DA:139,735
DA:140,710
DA:141,710
DA:142,710
DA:144,0
DA:145,710
DA:148,25
DA:151,2171
DA:161,11488
DA:162,11488
DA:163,11488
DA:164,124
DA:166,22482
DA:167,22482
DA:168,11364
DA:169,11364
DA:170,11364
DA:181,3350
DA:182,3350
DA:183,3350
DA:184,28
DA:186,3322
DA:187,3322
DA:188,3322
DA:189,3322
DA:190,3322
DA:192,3350
DA:214,27
DA:215,27
DA:216,27
DA:217,27
DA:218,27
DA:219,27
DA:221,0
DA:223,27
DA:224,27
DA:226,0
DA:228,27
DA:237,125
DA:238,250
DA:239,125
DA:240,125
DA:241,125
DA:242,125
DA:244,0
DA:246,125
DA:247,0
DA:249,125
DA:250,125
DA:251,125
DA:252,125
DA:254,0
DA:256,125
DA:257,101
DA:259,24
DA:260,0
DA:262,24
DA:266,125
DA:287,7179
DA:288,7179
DA:289,287
DA:290,6892
DA:291,53
DA:293,6843
DA:294,6839
DA:295,95
DA:297,6839
DA:298,6839
DA:299,6839
LH:92
LF:101
end_of_record
SF:src\solution\solution.jl
DA:11,90
DA:31,210
DA:60,105
DA:61,105
DA:63,167674209
DA:64,167674209
DA:65,163036449
DA:67,4637760
DA:86,1718435
DA:87,1718435
DA:88,1718435
DA:89,1
DA:90,1
DA:91,2
DA:92,3
DA:93,1
DA:95,1718434
DA:96,3317868
DA:97,79929696
DA:98,5834488
DA:99,1458622
DA:100,1458622
DA:101,1458622
DA:102,1458622
DA:103,78471074
DA:104,3
DA:105,3
DA:107,156801333
DA:108,259809
DA:124,7
DA:125,7
DA:126,7
DA:127,7
DA:128,7
DA:129,243105
DA:130,243098
DA:131,243098
DA:132,243098
DA:133,7
DA:134,7
DA:135,7
DA:136,7
DA:137,1028
DA:138,1028
DA:139,2056
DA:140,1715192
DA:141,3429356
DA:142,1028
DA:143,1028
DA:144,2049
DA:145,7
DA:161,8
DA:162,8
DA:163,8
DA:164,8
DA:165,8
DA:166,3207
DA:167,3199
DA:168,3199
DA:169,3199
DA:170,8
DA:171,8
DA:174,8
DA:177,8
DA:178,8
DA:179,16
DA:180,3199
DA:181,6390
DA:182,8
DA:183,8
DA:185,8
DA:189,1
DA:191,82
DA:208,1
DA:209,1
DA:210,1
DA:211,1
DA:212,1
LH:78
LF:78
end_of_record
SF:src\solution\solutionError.jl
DA:13,2
DA:14,2
DA:15,2
DA:16,2
DA:17,2
DA:18,2
DA:19,4
DA:20,200
DA:21,200
DA:22,200
DA:23,398
DA:24,2
DA:25,2
DA:38,1
DA:39,1
DA:40,1
DA:41,1
DA:42,2
DA:43,2
DA:44,2
DA:45,4
DA:46,200
DA:47,200
DA:48,200
DA:49,398
DA:50,2
DA:51,2
DA:53,0
DA:55,2
DA:56,3
DA:57,1
DA:70,1
DA:72,1
DA:73,1
DA:74,1
DA:75,1
DA:76,1
DA:77,2
DA:78,501
DA:79,501
DA:80,501
DA:81,1001
DA:83,1
DA:84,1
DA:86,0
DA:88,1
DA:104,2
DA:106,2
DA:107,2
DA:108,2
DA:109,1006
DA:110,1006
DA:111,1006
DA:112,2012
DA:113,516000
DA:114,516000
DA:115,516000
DA:116,516000
DA:117,1030994
DA:118,1006
DA:119,1006
DA:121,0
DA:124,1006
DA:125,2010
DA:126,2
LH:62
LF:65
end_of_record
SF:src\solution\solutionPlot.jl
DA:19,30
DA:20,15
DA:21,15
DA:24,15
DA:26,15
DA:27,4
DA:28,2
DA:29,1
DA:30,1
DA:32,1
DA:33,1
DA:34,1
DA:35,3
DA:37,2
DA:38,2
DA:40,1
DA:41,1
DA:42,1
DA:44,1
DA:45,1
DA:46,1
DA:47,3
DA:50,0
DA:52,11
DA:53,11
DA:54,9
DA:55,16
DA:56,9
DA:57,9
DA:58,7
DA:59,5
DA:60,5
DA:61,2
DA:62,2
DA:63,2
DA:64,0
DA:65,0
DA:66,0
DA:68,0
DA:69,0
DA:71,16
DA:72,25
DA:74,2
DA:75,7
DA:76,18
DA:79,0
DA:81,19
DA:82,2
DA:83,15
DA:84,2
DA:85,22
DA:86,2
DA:88,9
DA:90,15
DA:113,12
DA:114,6
DA:115,6
DA:116,5
DA:117,10
DA:118,14
DA:120,6
DA:141,10
DA:142,5
DA:143,5
DA:144,4
DA:145,4
DA:146,4
DA:147,4
DA:148,8
DA:149,480016
DA:150,240008
DA:151,240008
DA:152,480012
DA:153,4
DA:155,1
DA:157,7
DA:158,1
DA:159,5
DA:160,1
DA:161,6
DA:162,1
DA:164,2
DA:166,5
LH:76
LF:83
end_of_record
SF:src\taylor\arithmetic.jl
DA:7,22
DA:8,22
DA:10,4
DA:11,1
DA:12,3
DA:13,1
DA:15,1
DA:16,3
DA:17,1
DA:18,1
DA:20,2
DA:21,2
DA:22,2
DA:23,2
DA:25,1
DA:26,1
DA:27,2
DA:28,1
DA:30,1
DA:31,1
DA:32,2
DA:33,1
DA:35,156
DA:36,156
DA:37,156
DA:38,156
DA:40,1
DA:41,1
DA:42,1
DA:43,2
DA:44,1
DA:46,3
DA:47,3
DA:48,6
DA:49,3
DA:51,5895
DA:52,5895
DA:53,5895
DA:54,5895
DA:56,5
DA:57,5
DA:58,10
DA:59,5
DA:60,5
DA:62,2
DA:63,6
DA:64,4
DA:65,8
DA:66,10
DA:67,2
DA:69,22
DA:70,22
DA:71,44
DA:72,22
DA:74,1
DA:76,6
DA:77,6
DA:78,10
DA:79,6
DA:80,8
DA:81,6
DA:83,1
DA:84,1
DA:85,1
DA:86,2
DA:87,1
DA:89,1
DA:90,1
DA:91,1
DA:92,3
DA:93,2
DA:94,5
DA:95,5
DA:96,1
DA:98,61973
DA:99,123946
DA:100,123946
DA:101,61973
DA:102,61973
DA:103,61973
DA:104,61973
DA:105,61973
DA:108,61973
DA:111,3
DA:112,3
DA:113,3
DA:114,1
DA:115,1
DA:117,2
DA:118,2
DA:119,3
DA:120,1
DA:121,1
DA:122,2
DA:123,2
DA:125,0
DA:127,2
LH:96
LF:97
end_of_record
SF:src\taylor\arithmeticT.jl
DA:1,0
DA:2,8382
DA:3,0
DA:4,36760
DA:5,36760
DA:6,36760
DA:7,6
DA:8,6
DA:9,5
DA:10,5
DA:11,4
DA:12,4
DA:13,3
DA:14,3
DA:15,2
DA:16,2
DA:17,1
DA:18,1
DA:19,0
DA:20,0
DA:21,0
DA:22,0
DA:25,0
DA:26,0
DA:27,0
DA:28,0
DA:30,36760
DA:31,36760
DA:32,36760
DA:35,5732133
DA:36,5732133
DA:37,5732133
DA:38,5732133
DA:39,3757604
DA:40,3757604
DA:41,3
DA:42,3
DA:43,2
DA:44,2
DA:45,1
DA:46,1
DA:48,5732133
DA:49,5732133
DA:50,5732133
DA:72,2356
DA:73,2356
DA:74,2356
DA:81,782
DA:82,782
DA:83,782
DA:89,1903394
DA:90,3806788
DA:91,1903394
DA:115,3181
DA:116,3181
DA:117,3181
DA:118,6362
DA:119,3181
DA:126,107165
DA:127,107165
DA:128,107165
DA:129,214330
DA:130,107165
DA:132,107165
DA:133,1
DA:134,2
DA:135,1
DA:136,1
DA:138,2
DA:139,2
DA:140,2
DA:141,2
DA:143,1
DA:144,2
DA:145,2
DA:146,2
DA:153,61103
DA:154,122206
DA:155,61103
DA:157,1
DA:158,1
DA:159,1
DA:166,2794
DA:167,5588
DA:168,2794
DA:170,1
DA:171,1
DA:172,1
DA:173,1
DA:174,1
DA:176,1
DA:177,4852
DA:178,9704
DA:179,4852
DA:180,9704
DA:181,4852
DA:183,314
DA:184,314
DA:185,314
DA:186,314
DA:188,1
DA:189,2
DA:190,1
DA:191,1
DA:193,1
DA:194,1
DA:195,1
DA:196,1
DA:199,1999847
DA:200,1999847
DA:207,2031547
DA:208,4063094
DA:209,2031547
DA:211,1385
DA:212,1385
DA:213,1385
DA:214,1385
DA:216,1889742
DA:217,3779484
DA:218,1889742
DA:219,1889742
DA:221,5410
DA:222,5410
DA:223,5410
DA:229,71797
DA:230,143594
DA:231,71797
DA:233,34475
DA:234,34475
DA:235,34475
DA:236,34475
DA:238,34465
DA:239,30313
DA:241,30313
DA:242,30313
DA:245,1915560
DA:246,3831120
DA:247,1915560
DA:249,7
DA:250,14
DA:251,7
DA:252,7
DA:254,3
DA:255,1
DA:256,8
DA:257,8
DA:258,8
DA:259,8
DA:261,1
DA:262,1
DA:263,1
DA:264,1
DA:265,1
DA:268,2357506
DA:269,5044462
DA:270,2357506
DA:271,2357506
DA:273,2314889
DA:278,39876
DA:279,79752
DA:280,119628
DA:281,199380
DA:282,119628
DA:283,159504
DA:284,199380
DA:285,39876
DA:287,5
DA:288,5
DA:289,5
DA:292,3853334
DA:293,8092712
DA:294,7706668
DA:295,3853334
DA:297,1920545
DA:298,7610936
DA:299,15221872
DA:300,15950458
DA:301,24289980
DA:302,9068108
DA:303,9796694
DA:304,24289980
DA:305,7610936
DA:306,7610936
DA:308,3757606
DA:312,3757606
DA:313,3757606
DA:320,8206
DA:321,8206
DA:327,43738
DA:328,43738
DA:330,1
DA:331,1
DA:332,1
DA:334,60375
DA:335,142170
DA:336,60375
DA:337,60375
DA:339,1
DA:340,1
DA:341,1
DA:342,1
DA:349,61984
DA:350,61984
DA:351,61969
DA:352,61969
DA:353,123938
DA:354,123938
DA:355,123938
DA:356,185907
DA:357,61969
DA:358,61969
DA:359,123938
DA:360,123938
DA:362,0
DA:364,185907
DA:365,61969
DA:369,286436
DA:370,286436
DA:371,2901981
DA:372,2901981
DA:373,2901981
DA:374,5517526
DA:376,1922684
DA:377,1922684
DA:378,19594545
DA:379,19594545
DA:380,37266406
LH:216
LF:227
end_of_record
SF:src\taylor\constructors.jl
DA:16,11410
DA:19,0
DA:20,4
DA:21,44
DA:22,132
DA:23,44
DA:24,44
DA:26,0
DA:27,102680705
DA:28,81471264
DA:30,0
DA:31,7650890
DA:32,10074512
DA:33,7650890
DA:34,0
DA:35,0
DA:37,123961
DA:38,371927
DA:39,123961
DA:40,123961
DA:43,6
DA:44,18
DA:45,6
DA:46,6
DA:48,35451
DA:50,2423622
DA:51,2423622
DA:52,4847244
DA:53,2960810
DA:54,3497998
DA:55,2423622
DA:57,2960810
LH:27
LF:32
end_of_record
SF:src\taylor\functions.jl
DA:9,1
DA:10,1
DA:11,1
DA:12,1
DA:13,3
DA:14,2
DA:15,5
DA:16,5
DA:17,1
DA:19,1
DA:20,1
DA:22,1
DA:23,1
DA:24,1
DA:25,3
DA:26,2
DA:27,5
DA:28,5
DA:29,1
DA:31,1
DA:32,1
DA:33,2
DA:34,2
DA:35,2
DA:36,2
DA:37,6
DA:38,6
DA:39,4
DA:40,10
DA:41,10
DA:42,2
DA:44,1
DA:45,1
DA:46,1
DA:47,1
DA:48,3
DA:49,3
DA:50,2
DA:51,5
DA:52,5
DA:53,1
DA:55,1
DA:56,1
DA:57,1
DA:59,1
DA:60,1
DA:61,1
DA:62,3
DA:63,3
DA:64,2
DA:65,5
DA:66,5
DA:67,1
DA:69,1
DA:70,1
DA:71,1
DA:73,1
DA:74,1
DA:75,1
DA:76,3
DA:77,3
DA:78,2
DA:79,5
DA:80,5
DA:81,1
DA:83,1
DA:84,1
DA:85,1
DA:86,1
DA:87,1
DA:88,3
DA:89,3
DA:90,1
DA:92,2
DA:93,5
DA:94,5
DA:95,1
DA:97,1
DA:98,1
DA:99,2
DA:100,2
DA:101,2
DA:102,2
DA:103,6
DA:104,6
DA:105,4
DA:106,10
DA:107,10
DA:108,2
DA:110,1
DA:111,1
DA:112,1
DA:113,1
DA:114,3
DA:115,3
DA:116,2
DA:117,5
DA:118,5
DA:119,1
DA:121,1
DA:122,1
DA:123,1
DA:124,1
DA:125,1
DA:126,3
DA:127,3
DA:128,1
DA:130,2
DA:131,5
DA:132,5
DA:133,1
DA:135,1
DA:136,1
DA:137,1
DA:139,1
DA:140,1
DA:141,1
DA:142,3
DA:143,3
DA:144,2
DA:145,5
DA:146,5
DA:147,1
DA:149,1
DA:150,1
DA:151,1
DA:152,1
DA:153,1
DA:154,3
DA:155,3
DA:156,1
DA:158,2
DA:159,5
DA:160,5
DA:161,1
DA:166,60
DA:167,60
DA:168,20
DA:169,20
DA:171,40
DA:172,60
DA:173,20
DA:174,20
DA:175,40
DA:176,40
DA:179,6
DA:180,6
DA:181,2
DA:182,2
DA:183,4
DA:184,2
DA:185,2
DA:187,2
DA:188,2
DA:189,0
DA:190,0
DA:191,2
DA:192,2
DA:195,78
DA:196,78
DA:197,26
DA:198,26
DA:199,26
DA:201,52
DA:202,52
DA:203,52
DA:204,78
DA:205,26
DA:206,26
DA:207,26
DA:208,26
DA:209,52
DA:210,52
DA:211,52
DA:214,6
DA:215,6
DA:216,2
DA:217,2
DA:218,2
DA:219,2
DA:221,4
DA:222,6
DA:223,2
DA:224,2
DA:225,4
DA:226,8
DA:227,4
DA:230,3
DA:231,3
DA:232,1
DA:233,1
DA:234,1
DA:235,1
DA:237,2
DA:238,2
DA:239,0
DA:240,0
DA:241,2
DA:242,2
DA:243,2
DA:246,3
DA:247,3
DA:248,1
DA:249,1
DA:250,1
DA:251,1
DA:253,2
DA:254,2
DA:255,0
DA:256,0
DA:257,2
DA:258,2
DA:259,2
DA:262,6
DA:263,6
DA:264,2
DA:265,2
DA:266,2
DA:267,2
DA:269,4
DA:270,4
DA:271,0
DA:272,0
DA:273,8
DA:274,4
DA:275,4
DA:278,6
DA:279,6
DA:280,2
DA:281,2
DA:282,2
DA:284,4
DA:285,4
DA:286,4
DA:287,6
DA:288,2
DA:289,2
DA:290,2
DA:291,2
DA:292,4
DA:293,4
DA:294,4
DA:297,3
DA:298,3
DA:299,1
DA:300,1
DA:301,1
DA:302,1
DA:304,2
DA:305,3
DA:306,1
DA:307,1
DA:308,2
DA:309,4
DA:310,2
DA:313,3
DA:314,3
DA:315,1
DA:316,1
DA:317,1
DA:318,1
DA:320,2
DA:321,2
DA:322,0
DA:323,0
DA:324,2
DA:325,2
DA:326,2
DA:329,3
DA:330,3
DA:331,1
DA:332,1
DA:333,1
DA:334,1
DA:336,2
DA:337,2
DA:338,0
DA:339,0
DA:340,2
DA:341,2
DA:342,2
DA:345,3
DA:346,3
DA:347,1
DA:348,1
DA:349,1
DA:350,1
DA:352,2
DA:353,2
DA:354,0
DA:355,0
DA:356,4
DA:357,2
DA:358,2
DA:360,2
DA:361,2
DA:362,1
DA:363,1
DA:364,1
DA:366,0
DA:371,0
DA:373,0
DA:374,0
DA:375,0
DA:376,0
DA:378,0
LH:285
LF:306
end_of_record
SF:src\taylor\functionsT.jl
DA:22,19
DA:23,19
DA:25,38
DA:26,95
DA:27,95
DA:28,19
DA:43,1
DA:44,1
DA:45,1
DA:61,1
DA:62,1
DA:64,2
DA:65,5
DA:66,5
DA:67,1
DA:69,1
DA:70,1
DA:72,1
DA:73,1
DA:76,24
DA:77,48
DA:78,120
DA:79,120
DA:80,24
DA:82,23
DA:83,1
DA:97,1
DA:98,1
DA:99,1
DA:114,1
DA:115,1
DA:116,1
DA:131,1
DA:132,2
DA:133,5
DA:134,5
DA:135,1
DA:137,1
DA:138,1
DA:139,1
DA:156,1
DA:157,1
DA:158,1
DA:160,2
DA:161,5
DA:162,5
DA:163,1
DA:180,14
DA:181,14
DA:182,14
DA:184,28
DA:185,70
DA:186,70
DA:187,14
DA:203,1
DA:204,2
DA:205,5
DA:206,5
DA:207,1
DA:230,3
DA:231,3
DA:232,1
DA:233,1
DA:234,1
DA:235,1
DA:237,2
DA:238,2
DA:239,0
DA:240,0
DA:241,2
DA:242,2
DA:243,2
DA:244,2
DA:245,2
DA:246,2
DA:268,42
DA:269,42
DA:270,14
DA:271,14
DA:272,14
DA:273,14
DA:275,28
DA:276,28
DA:277,0
DA:278,0
DA:279,28
DA:280,28
DA:281,28
DA:282,28
DA:283,28
DA:284,28
DA:300,631
DA:301,631
DA:302,628
DA:303,628
DA:304,3
DA:305,2
DA:306,1
DA:308,4
DA:309,2
DA:310,2
DA:313,1
DA:314,1
DA:315,1
LH:100
LF:104
end_of_record
SF:src\taylor\power.jl
DA:8,12
DA:9,12
DA:10,11
DA:11,10
DA:12,1
DA:13,1
DA:16,0
DA:18,1
DA:19,1
DA:20,1
DA:21,1
DA:22,1
DA:23,1
DA:24,1
DA:25,0
DA:26,0
DA:27,1
DA:28,2
DA:29,1
DA:30,1
DA:31,2
DA:32,1
DA:33,1
DA:34,1
DA:35,1
DA:36,1
DA:39,5
DA:40,5
DA:41,5
DA:42,5
DA:43,4
DA:44,4
DA:45,3
DA:46,2
DA:47,2
DA:48,1
DA:49,2
DA:50,0
DA:52,1
DA:53,3
DA:54,2
DA:55,6
DA:56,5
DA:57,1
DA:60,12
DA:61,18
DA:62,9
DA:63,0
DA:64,0
DA:66,9
DA:67,9
DA:68,18
DA:69,0
DA:70,0
DA:72,15
DA:73,0
DA:74,0
DA:76,9
DA:77,3
DA:78,3
DA:81,6
DA:82,6
DA:84,0
DA:86,9
DA:87,6
DA:88,3
DA:89,3
DA:90,3
DA:91,6
DA:92,6
DA:94,11
DA:95,33
DA:96,22
DA:97,44
DA:98,33
DA:99,11
DA:102,69304
DA:103,69304
DA:104,0
DA:105,0
DA:107,69304
DA:108,69304
DA:109,138608
DA:110,69304
DA:111,69304
DA:112,69304
DA:113,69304
DA:114,34652
DA:115,34652
DA:118,2
DA:119,4
DA:120,2
DA:121,2
DA:122,0
DA:124,6
DA:125,2
DA:126,4
DA:127,4
DA:128,6
DA:129,2
DA:132,82
DA:133,82
DA:134,44
DA:135,44
DA:136,44
DA:137,44
DA:138,0
DA:140,44
DA:141,0
DA:142,0
DA:143,44
DA:144,44
DA:146,0
DA:148,44
DA:149,22
DA:151,44
DA:152,44
LH:99
LF:117
end_of_record
SF:src\taylor\powerT.jl
DA:8,34607
DA:10,34609
DA:11,34609
DA:12,1
DA:13,1
DA:15,34608
DA:16,34607
DA:17,2
DA:18,4
DA:19,2
DA:20,4
DA:21,0
DA:23,2
DA:24,4
DA:25,12
DA:26,10
DA:27,2
DA:43,2
DA:44,3
DA:45,2
DA:60,34635
DA:61,34635
DA:62,69270
DA:63,138540
DA:64,103905
DA:65,34635
DA:81,1
DA:82,2
DA:83,1
DA:84,0
DA:86,1
DA:87,2
DA:88,2
DA:89,3
DA:90,1
DA:105,1
DA:106,1
DA:107,1
LH:36
LF:38
end_of_record
