SF:src\Common\Helper_QSSNLDiscreteProblem.jl
DA:2,24
DA:9,4
DA:10,4
DA:12,4
DA:13,84
DA:14,7
DA:15,7
DA:16,70
DA:18,4
DA:19,4
DA:20,2
DA:22,4
DA:23,4
DA:24,4
DA:26,73
DA:29,4
DA:30,8
DA:31,7
DA:32,7
DA:33,14
DA:34,7
DA:35,7
DA:36,14
DA:37,8
DA:42,4
DA:43,4
DA:44,4
DA:45,109
DA:46,9
DA:47,9
DA:48,91
DA:49,6
DA:50,2
DA:51,2
DA:52,0
DA:54,2
DA:55,2
DA:57,6
DA:59,94
DA:61,4
DA:62,8
DA:63,18
DA:64,9
DA:65,9
DA:66,9
DA:67,9
DA:68,9
DA:69,18
DA:70,4
DA:73,12
DA:74,12
DA:76,12
DA:77,147
DA:78,5
DA:79,5
DA:80,5
DA:81,1
DA:83,5
DA:84,5
DA:85,137
DA:87,12
DA:88,12
DA:89,6
DA:91,12
DA:92,12
DA:94,130
DA:96,12
DA:100,6
DA:101,6
DA:102,6
DA:103,6
DA:104,6
DA:105,12
DA:106,24
DA:107,24
DA:108,42
DA:109,12
DA:110,24
DA:111,24
DA:112,24
DA:113,38
DA:114,14
DA:115,20
DA:116,20
DA:117,28
DA:119,14
DA:120,14
DA:121,18
DA:123,28
DA:124,9
DA:125,18
DA:126,24
DA:127,24
DA:128,24
DA:129,42
DA:130,6
DA:133,6
DA:134,6
DA:135,6
DA:136,6
DA:137,12
DA:138,24
DA:139,24
DA:140,42
DA:141,12
DA:142,24
DA:143,24
DA:144,24
DA:145,42
DA:146,22
DA:147,39
DA:148,61
DA:149,22
DA:150,22
DA:151,8
DA:153,44
DA:154,4
DA:155,8
DA:156,28
DA:157,24
DA:158,24
DA:159,42
DA:160,6
DA:164,12
DA:165,12
DA:166,12
DA:167,24
DA:168,48
DA:169,84
DA:170,24
DA:171,48
DA:172,83
DA:173,27
DA:174,40
DA:175,87
DA:176,24
DA:177,33
DA:178,48
DA:179,84
DA:180,12
LH:139
LF:140
end_of_record
SF:src\Common\Helper_QSSNLProblem.jl
DA:1,112
DA:2,112
DA:3,634
DA:4,110
DA:5,110
DA:6,110
DA:7,110
DA:9,497
DA:11,112
DA:13,97
DA:14,97
DA:15,24
DA:16,3
DA:17,18
DA:18,7
DA:19,4
DA:20,2
DA:21,0
DA:23,12
DA:26,85
DA:28,97
DA:30,151
DA:31,151
DA:32,34
DA:33,4
DA:34,26
DA:35,11
DA:36,4
DA:37,19
DA:43,134
DA:45,151
DA:47,11
DA:48,11
DA:49,6
DA:50,1
DA:51,4
DA:52,1
DA:53,2
DA:54,4
DA:60,8
DA:62,11
DA:64,66
DA:65,66
DA:66,557
DA:67,99
DA:68,99
DA:69,327
DA:70,0
DA:72,426
DA:74,66
DA:76,43
DA:77,43
DA:78,677
DA:79,411
DA:80,40
DA:81,267
DA:82,85
DA:83,182
DA:84,11
DA:85,171
DA:86,324
DA:90,480
DA:91,85
DA:92,170
DA:93,310
DA:94,11
DA:95,11
DA:97,677
DA:99,43
DA:101,25
DA:102,25
DA:103,260
DA:104,122
DA:105,41
DA:106,61
DA:107,25
DA:108,36
DA:109,7
DA:110,29
DA:111,0
DA:114,260
DA:116,25
DA:120,26
DA:121,26
DA:122,26
DA:123,423
DA:124,63
DA:125,63
DA:127,423
DA:129,31
DA:130,52
DA:131,47
DA:132,47
DA:133,94
DA:134,47
DA:135,47
DA:136,94
DA:137,51
DA:141,1
DA:142,1
DA:143,1
DA:144,61
DA:145,8
DA:146,8
DA:148,61
DA:150,1
DA:151,2
DA:152,6
DA:153,3
DA:154,3
DA:155,3
DA:156,3
DA:157,3
DA:158,6
DA:159,2
LH:112
LF:115
end_of_record
SF:src\Common\QSSNLContinousProblem.jl
DA:17,24
DA:33,12
DA:34,12
DA:35,12
DA:36,12
DA:37,12
DA:39,12
DA:40,12
DA:42,91
DA:43,56
DA:44,28
DA:45,28
DA:46,1
DA:47,27
DA:49,1
DA:50,52
DA:51,5
DA:52,5
DA:54,21
DA:55,21
DA:56,21
DA:57,14
DA:59,49
DA:61,0
DA:62,1
DA:63,1
DA:64,1
DA:65,1
DA:66,31
DA:67,31
DA:68,33
DA:71,0
DA:72,71
DA:74,12
DA:76,24
DA:77,12
DA:80,12
DA:81,12
DA:82,12
DA:83,12
DA:84,12
DA:86,12
DA:87,12
DA:89,12
DA:90,12
DA:93,12
DA:94,12
DA:95,24
DA:96,30
DA:97,29
DA:98,29
DA:99,28
DA:101,29
DA:102,1
DA:104,46
DA:105,12
DA:106,12
DA:107,12
DA:108,12
DA:109,12
DA:110,12
DA:111,48
DA:112,12
DA:113,12
DA:116,12
DA:117,12
DA:118,24
DA:119,26
DA:120,25
DA:121,25
DA:123,1
DA:124,1
DA:125,1
DA:127,40
DA:128,12
DA:129,12
DA:130,12
DA:131,12
DA:132,12
DA:133,12
DA:134,12
DA:135,12
DA:136,12
DA:188,12
DA:189,12
DA:190,24
DA:191,50
DA:192,47
DA:193,74
DA:194,47
DA:195,3
DA:196,3
DA:197,4
DA:198,3
DA:200,88
DA:201,12
DA:202,12
DA:203,12
DA:204,12
DA:205,12
DA:206,12
DA:207,72
DA:208,12
DA:209,12
DA:212,6
DA:213,6
DA:214,12
DA:215,16
DA:216,7
DA:217,9
DA:218,7
DA:219,9
DA:220,9
DA:221,18
DA:222,9
DA:224,26
DA:225,6
DA:226,6
DA:227,6
DA:228,6
DA:229,6
DA:230,6
DA:231,36
DA:232,6
DA:233,6
DA:236,18
DA:237,18
DA:238,18
DA:239,1051
DA:240,2084
DA:241,36
DA:242,34
DA:243,29
DA:244,5
DA:245,5
DA:246,1014
DA:247,2028
DA:248,4040
DA:249,15150
DA:250,3030
DA:252,0
DA:254,6060
DA:255,1014
DA:256,1014
DA:258,50
DA:259,18
DA:261,18
DA:262,18
DA:263,18
DA:264,1051
DA:265,2084
DA:267,36
DA:268,34
DA:269,58
DA:270,54
DA:271,108
DA:272,5
DA:273,5
DA:274,2028
DA:275,4040
DA:276,15150
DA:277,3030
DA:279,0
DA:281,6060
DA:283,1014
DA:285,50
DA:286,18
LH:163
LF:167
end_of_record
SF:src\Common\QSSNL_AbstractTypes.jl
LH:0
LF:0
end_of_record
SF:src\Common\QSSNLdiscrProblem.jl
DA:4,12
DA:22,53
DA:23,53
DA:29,6
DA:30,6
DA:32,6
DA:33,6
DA:34,6
DA:37,6
DA:38,6
DA:39,6
DA:40,6
DA:41,6
DA:42,6
DA:45,6
DA:46,6
DA:47,6
DA:48,6
DA:49,6
DA:50,96
DA:51,4
DA:53,60
DA:54,16
DA:55,8
DA:56,16
DA:57,4
DA:58,4
DA:59,0
DA:61,0
DA:63,4
DA:64,4
DA:65,4
DA:66,46
DA:67,44
DA:68,60
DA:70,0
DA:71,4
DA:73,4
DA:74,4
DA:75,4
DA:76,3
DA:78,4
DA:79,40
DA:80,12
DA:81,12
DA:82,12
DA:83,24
DA:84,0
DA:87,12
DA:88,12
DA:89,1
DA:91,12
DA:97,12
DA:98,11
DA:99,11
DA:100,11
DA:103,12
DA:104,12
DA:106,12
DA:107,1
DA:108,1
DA:110,11
DA:113,12
DA:114,12
DA:116,12
DA:117,12
DA:119,12
DA:120,12
DA:121,12
DA:122,12
DA:124,68
DA:125,68
DA:127,46
DA:128,68
DA:129,22
DA:131,12
DA:134,34
DA:135,43
DA:136,0
DA:138,41
DA:142,34
DA:144,12
DA:145,12
DA:146,12
DA:147,24
DA:148,1
DA:150,4
DA:152,4
DA:153,4
DA:154,0
DA:156,2
DA:158,2
DA:159,8
DA:160,0
DA:162,6
DA:165,2
DA:167,12
DA:168,12
DA:169,12
DA:170,12
DA:173,62
DA:174,6
DA:176,6
DA:177,12
DA:178,16
DA:179,24
DA:180,12
DA:181,16
DA:183,12
DA:184,4
DA:186,18
DA:187,6
DA:188,6
DA:189,6
DA:191,6
DA:194,6
DA:195,10
DA:196,6
DA:197,8
DA:199,6
DA:200,6
DA:201,6
DA:204,6
DA:205,6
DA:206,12
DA:207,18
DA:208,30
DA:210,6
DA:211,6
DA:212,6
DA:214,6
DA:216,12
DA:217,6
DA:220,6
DA:221,6
DA:222,6
DA:223,6
DA:224,42
DA:225,6
DA:227,6
DA:228,6
DA:229,6
DA:230,6
DA:231,6
DA:232,6
DA:239,6
DA:244,6
DA:246,6
DA:247,6
DA:250,6
DA:251,6
DA:252,6
DA:253,6
DA:256,6
DA:257,6
DA:258,6
DA:259,13
DA:260,22
DA:261,9
DA:262,4
DA:263,8
DA:264,4
DA:265,2
DA:266,2
DA:267,2
DA:268,8
DA:269,8
DA:271,8
DA:272,4
DA:273,5
DA:274,6
DA:277,6
DA:278,6
DA:279,6
DA:280,25
DA:281,44
DA:282,9
DA:283,4
DA:284,5
DA:285,6
LH:173
LF:180
end_of_record
SF:src\Common\QSS_Algorithm.jl
DA:4,96
DA:11,6
DA:16,11
DA:25,7
DA:30,11
DA:48,6
DA:52,6
LH:7
LF:7
end_of_record
SF:src\Common\QSS_data.jl
DA:4,96
DA:31,62
LH:2
LF:2
end_of_record
SF:src\Common\Scheduler.jl
DA:2,1156820
DA:3,1156820
DA:4,1156820
DA:5,1156820
DA:6,1156820
DA:7,1156820
DA:8,1156820
DA:10,1156820
DA:11,1156820
DA:12,582033679
DA:13,7197296
DA:14,7197296
DA:16,582033679
DA:17,108412
DA:18,108412
DA:20,116291053
DA:21,1156820
DA:22,880802
DA:23,460662
DA:24,460662
DA:26,1442129
DA:28,1156820
DA:29,1928
DA:30,1757
DA:32,2099
DA:35,1154892
DA:36,22350
DA:38,1132542
DA:41,1156820
DA:42,0
DA:45,1156820
LH:30
LF:31
end_of_record
SF:src\Common\Solution.jl
DA:17,110
DA:31,55
DA:33,55
DA:35,241341233
DA:36,241341233
DA:37,235856305
DA:38,5484928
DA:39,5484928
DA:41,0
DA:45,2002008
DA:46,2002008
DA:48,2002008
DA:50,3872016
DA:51,116056932
DA:52,6961732
DA:53,1740433
DA:54,1740433
DA:55,1740433
DA:57,1740433
DA:58,114316499
DA:59,0
DA:61,0
DA:63,228503423
DA:65,261575
DA:67,7
DA:68,7
DA:69,7
DA:70,7
DA:71,7
DA:72,301507
DA:73,301500
DA:74,301500
DA:75,301500
DA:76,7
DA:77,7
DA:78,7
DA:79,7
DA:80,7
DA:82,7
DA:83,1027
DA:84,1027
DA:85,2054
DA:86,116301490
DA:87,4002973
DA:88,1027
DA:89,1027
DA:90,2047
DA:91,7
DA:93,8
LH:46
LF:49
end_of_record
SF:src\Common\SolutionError.jl
DA:6,2
DA:7,2
DA:8,2
DA:9,2
DA:10,2
DA:11,2
DA:12,4
DA:13,2002
DA:14,2002
DA:15,2002
DA:16,4002
DA:17,2
DA:18,2
DA:21,1
DA:23,1
DA:24,1
DA:25,1
DA:26,1
DA:27,1
DA:28,2
DA:29,501
DA:30,501
DA:31,501
DA:32,1001
DA:34,1
DA:35,1
DA:37,0
DA:39,1
DA:42,0
DA:43,0
DA:45,501000
DA:46,501000
DA:54,1
DA:55,1
DA:56,1
DA:57,1
DA:58,1000
DA:59,1000
DA:60,1000
DA:61,2000
DA:62,501000
DA:63,501000
DA:64,501000
DA:65,501000
DA:66,1001000
DA:67,1000
DA:68,1000
DA:70,0
DA:73,1000
DA:74,1999
DA:75,1
LH:47
LF:51
end_of_record
SF:src\Common\SolutionPlot.jl
DA:5,14
DA:6,7
DA:7,7
DA:8,6
DA:9,14
DA:10,6
DA:11,6
DA:12,8
DA:13,5
DA:14,5
DA:15,3
DA:16,1
DA:17,1
DA:18,2
DA:19,1
DA:20,1
DA:22,1
DA:23,1
DA:25,14
DA:26,19
DA:28,1
DA:29,2
DA:30,1
DA:32,1
DA:34,2
DA:35,3
DA:37,9
DA:38,1
DA:39,7
DA:40,1
DA:41,10
DA:42,1
DA:44,4
DA:46,7
DA:59,2
DA:60,1
DA:61,1
DA:62,1
DA:63,1
DA:65,2
DA:66,1
DA:67,1
DA:68,1
DA:69,1
DA:74,10
DA:75,5
DA:76,5
DA:77,5
DA:78,5
DA:79,5
DA:80,5
DA:81,10
DA:82,600020
DA:83,300010
DA:84,300010
DA:85,600015
DA:86,5
DA:88,0
DA:90,7
DA:91,1
DA:92,5
DA:93,1
DA:94,6
DA:95,1
DA:97,2
DA:99,5
LH:65
LF:66
end_of_record
SF:src\Common\TaylorEquationConstruction.jl
DA:5,11
DA:6,11
DA:7,11
DA:8,11
DA:9,11
DA:10,11
DA:13,42
DA:14,42
DA:15,42
DA:17,1369
DA:18,48
DA:19,2
DA:20,2
DA:21,2
DA:22,2
DA:23,2
DA:24,2
DA:25,2
DA:26,2
DA:27,44
DA:28,3
DA:29,3
DA:30,3
DA:31,3
DA:32,3
DA:33,3
DA:34,3
DA:36,3
DA:37,38
DA:38,7
DA:39,7
DA:40,7
DA:41,7
DA:42,7
DA:43,7
DA:44,7
DA:45,7
DA:48,23
DA:49,23
DA:50,23
DA:51,23
DA:52,58
DA:54,1299
DA:55,6
DA:56,6
DA:57,6
DA:58,6
DA:59,6
DA:61,1287
DA:62,32
DA:63,10
DA:64,10
DA:65,10
DA:66,10
DA:67,10
DA:68,10
DA:69,10
DA:71,10
DA:72,12
DA:73,2
DA:74,2
DA:75,2
DA:76,2
DA:77,2
DA:78,2
DA:79,2
DA:80,2
DA:82,8
DA:83,8
DA:84,8
DA:85,8
DA:86,28
DA:88,1247
DA:89,5
DA:90,5
DA:91,5
DA:92,5
DA:93,5
DA:96,1237
DA:97,32
DA:98,32
DA:99,32
DA:100,32
DA:101,32
DA:102,1173
DA:103,12
DA:104,12
DA:105,12
DA:106,12
DA:107,12
DA:108,12
DA:109,12
DA:110,12
DA:111,12
DA:112,1149
DA:113,8
DA:114,8
DA:115,8
DA:116,8
DA:117,8
DA:118,1132
DA:119,2
DA:120,2
DA:121,2
DA:122,2
DA:124,1129
DA:125,3
DA:126,3
DA:127,3
DA:128,3
DA:129,3
DA:130,1123
DA:131,2
DA:132,2
DA:133,2
DA:134,2
DA:136,2
DA:137,2
DA:138,2
DA:139,2
DA:141,1118
DA:143,1
DA:144,1
DA:145,1
DA:146,1
DA:148,1
DA:149,1
DA:150,1
DA:151,1
DA:153,1
DA:154,1
DA:155,1
DA:156,1
DA:157,1102
DA:159,0
DA:160,1228
DA:164,42
DA:166,42
LH:137
LF:138
end_of_record
SF:src\Interface\QSS_Solve.jl
DA:2,2
DA:3,1
DA:18,96
DA:19,48
DA:22,48
DA:24,48
DA:25,48
DA:26,48
DA:28,48
DA:29,17
DA:31,2081
DA:32,31
DA:33,31
DA:43,96
DA:44,5588890
DA:45,5588794
DA:47,96
DA:51,48
DA:52,48
DA:53,2121
DA:54,48
DA:55,48
DA:56,48
DA:57,48
DA:58,2121
DA:59,2121
DA:60,2121
DA:61,2121
DA:62,48
DA:63,125
DA:64,48
DA:65,48
DA:66,125
DA:67,65
DA:68,48
DA:69,25
DA:70,42
DA:71,48
DA:72,2121
DA:73,2121
DA:74,5321
DA:75,2121
DA:76,5321
DA:77,2121
DA:78,2121
DA:79,2121
DA:80,2121
DA:81,4194
DA:82,48
DA:83,48
DA:84,463
DA:85,306
DA:86,48
DA:87,48
DA:90,31
DA:91,31
DA:92,31
DA:93,31
DA:94,2081
DA:95,2081
DA:96,4131
DA:97,31
DA:98,31
DA:101,2068
DA:102,2068
LH:65
LF:65
end_of_record
SF:src\Interface\indexMacro.jl
DA:6,18
DA:7,18
DA:8,18
DA:9,18
DA:10,18
DA:11,18
DA:12,18
DA:13,18
DA:14,18
DA:15,18
DA:16,18
DA:17,1002
DA:18,2
DA:19,4
DA:20,4
DA:21,2
DA:23,2
DA:24,1000
DA:25,1000
DA:27,6
DA:30,18
DA:33,18
DA:41,18
DA:42,18
DA:43,18
DA:44,18
DA:45,18
DA:46,18
DA:47,18
DA:48,18
DA:49,18
DA:50,18
DA:51,18
DA:52,115
DA:53,196
DA:54,98
DA:55,12
DA:56,131
DA:57,8
DA:58,8
DA:59,78
DA:60,5
DA:61,4
DA:62,6
DA:63,6
DA:65,2
DA:66,19
DA:67,19
DA:68,22
DA:69,2
DA:70,2
DA:71,7
DA:74,73
DA:75,20
DA:76,16
DA:77,16
DA:78,16
DA:79,16
DA:81,20
DA:83,53
DA:84,30
DA:85,23
DA:86,5
DA:87,98
DA:90,0
DA:91,5
DA:92,12
DA:93,12
DA:94,12
DA:95,12
DA:97,12
DA:99,12
DA:100,11
DA:101,1
DA:102,1
DA:103,1
DA:106,133
DA:107,18
LH:77
LF:78
end_of_record
SF:src\QuantizedSystemSolver.jl
DA:1,6095
LH:1
LF:1
end_of_record
SF:src\Utils\rootfinders\SimUtils.jl
DA:2,373096
DA:3,373096
DA:4,373096
DA:5,4778
DA:7,368318
DA:9,373096
DA:10,184159
DA:13,373096
DA:15,72844
DA:16,72844
DA:17,72844
DA:18,72819
DA:20,25
DA:22,72844
DA:23,0
DA:25,72844
DA:27,37874
DA:28,37874
DA:29,37874
DA:30,37874
DA:31,37874
DA:32,75748
DA:33,0
DA:34,0
DA:36,0
DA:38,0
DA:39,0
DA:43,37874
DA:44,37874
DA:45,0
DA:48,37874
DA:49,37874
DA:50,37874
DA:51,21968
DA:53,15906
DA:55,37874
DA:56,37874
DA:57,15906
DA:61,37874
DA:63,1163883
DA:64,1163883
DA:65,1163883
DA:66,1163883
DA:67,1163883
DA:68,2327282
DA:69,492
DA:70,278
DA:72,214
DA:74,492
DA:75,103
DA:79,1163391
DA:80,1163391
DA:81,517762
DA:84,645629
DA:85,645629
DA:86,645629
DA:87,331870
DA:89,313759
DA:91,645629
DA:92,645629
DA:93,321714
DA:97,1163883
DA:99,165333
DA:100,165333
DA:101,165333
DA:102,165333
DA:103,165333
DA:104,165337
DA:105,165329
DA:106,1
DA:108,165328
DA:110,165329
DA:111,82583
DA:115,4
DA:116,4
DA:117,2
DA:120,2
DA:121,2
DA:122,2
DA:123,2
DA:125,0
DA:127,2
DA:128,2
DA:129,0
DA:133,165333
DA:135,94032
DA:136,94032
DA:137,94032
DA:138,94032
DA:139,94032
DA:140,188064
DA:141,0
DA:142,0
DA:143,0
DA:146,94032
DA:147,0
DA:148,0
DA:150,94032
DA:151,0
DA:154,94032
DA:155,94032
DA:156,88052
DA:157,88052
DA:158,88052
DA:159,88052
DA:160,5980
DA:161,0
DA:162,0
DA:165,94032
DA:167,6
DA:168,6
DA:169,6
DA:171,6
DA:172,6
DA:173,6
DA:174,6
DA:175,6
DA:179,7
DA:181,7
DA:182,7
DA:183,7
DA:185,1
DA:186,1
DA:187,1
DA:188,1
DA:190,6
DA:192,1
DA:193,1
DA:194,1
DA:195,1
DA:198,5
DA:199,5
DA:200,5
DA:201,5
DA:204,7
DA:207,11
DA:209,11
DA:210,11
DA:211,11
DA:212,3
DA:214,1
DA:215,1
DA:216,1
DA:217,1
DA:218,1
DA:219,1
DA:220,2
DA:222,1
DA:223,1
DA:224,1
DA:225,1
DA:226,1
DA:227,1
DA:230,1
DA:231,1
DA:232,1
DA:233,1
DA:234,1
DA:235,4
DA:237,8
DA:238,3
DA:240,1
DA:241,1
DA:242,1
DA:243,1
DA:244,1
DA:245,1
DA:246,2
DA:248,1
DA:249,1
DA:250,1
DA:251,1
DA:252,1
DA:253,1
DA:256,1
DA:257,1
DA:258,1
DA:259,1
DA:260,1
DA:261,4
DA:263,5
DA:264,2
DA:266,1
DA:267,1
DA:268,1
DA:269,1
DA:270,1
DA:271,1
DA:272,1
DA:274,1
DA:275,1
DA:276,1
DA:277,1
DA:278,1
DA:279,1
DA:282,0
DA:283,0
DA:284,0
DA:285,0
DA:286,0
DA:287,2
DA:290,3
DA:291,1
DA:292,1
DA:293,1
DA:294,1
DA:295,1
DA:296,1
DA:297,2
DA:298,1
DA:299,1
DA:300,1
DA:301,1
DA:302,1
DA:303,1
DA:305,1
DA:306,1
DA:307,1
DA:308,1
DA:309,1
DA:310,1
DA:313,11
DA:315,47043
DA:316,47043
DA:317,43447
DA:318,43447
DA:319,3596
DA:320,3170
DA:321,3170
DA:322,426
DA:323,32
DA:324,32
DA:325,394
DA:326,350
DA:327,350
DA:328,44
DA:329,20
DA:330,20
DA:331,24
DA:332,1
DA:333,23
DA:334,1
DA:335,22
DA:336,1
DA:337,21
DA:338,1
DA:339,20
DA:340,1
DA:341,19
DA:342,1
DA:343,18
DA:344,2
DA:345,16
DA:346,1
DA:347,15
DA:348,1
DA:349,14
DA:350,3
DA:352,11
DA:354,47043
LH:238
LF:260
end_of_record
SF:src\dense\NL_integrators\NL_LiQSS_Integrator.jl
DA:3,9
DA:4,9
DA:5,9
DA:6,9
DA:7,9
DA:8,9
DA:9,9
DA:10,9
DA:11,9
DA:12,9
DA:13,9
DA:14,9
DA:15,9
DA:16,9
DA:17,9
DA:18,9
DA:19,9
DA:20,9
DA:21,9
DA:22,9
DA:23,9
DA:24,9
DA:25,9
DA:27,9
DA:28,9
DA:29,9
DA:30,9
DA:31,9
DA:33,9
DA:34,9
DA:35,13
DA:36,13
DA:37,26
DA:38,39
DA:39,13
DA:40,76
DA:41,34
DA:42,26
DA:43,26
DA:44,39
DA:45,17
DA:46,9
DA:47,9
DA:48,9
DA:49,18
DA:50,18
DA:51,18
DA:52,18
DA:53,33
DA:54,36
DA:55,18
DA:56,4
DA:57,4
DA:58,3
DA:59,1
DA:60,1
DA:61,1
DA:62,0
DA:66,14
DA:68,27
DA:74,9
DA:75,9
DA:76,9
DA:77,9
DA:78,111766
DA:79,111766
DA:80,0
DA:82,111766
DA:83,111766
DA:84,111766
DA:85,111766
DA:86,9
DA:88,111757
DA:89,111757
DA:90,111757
DA:92,111757
DA:93,106892
DA:94,108446
DA:95,106892
DA:96,106892
DA:97,157272
DA:98,213784
DA:99,106892
DA:100,106892
DA:101,106892
DA:102,197707
DA:103,197707
DA:104,102924
DA:105,101422
DA:106,101422
DA:107,101422
DA:108,92002
DA:109,90636
DA:112,197707
DA:113,391326
DA:114,391326
DA:115,16444
DA:116,16256
DA:118,589033
DA:119,589376
DA:120,201843
DA:121,197707
DA:122,197707
DA:123,304599
DA:125,4865
DA:126,4865
DA:127,6027
DA:128,4865
DA:129,4865
DA:130,9730
DA:131,9730
DA:132,4865
DA:133,6027
DA:134,7189
DA:135,4865
DA:140,14595
DA:141,7063
DA:142,4865
DA:143,4865
DA:144,4865
DA:145,0
DA:146,0
DA:147,0
DA:148,0
DA:149,0
DA:152,4865
DA:153,4865
DA:154,4865
DA:155,6027
DA:156,4865
DA:158,4865
DA:159,4865
DA:160,6027
DA:161,4865
DA:163,4865
DA:164,9730
DA:165,9730
DA:166,0
DA:167,0
DA:169,14595
DA:170,14595
DA:171,7063
DA:172,4865
DA:173,4865
DA:174,4865
DA:176,111757
DA:177,111757
DA:178,111757
DA:179,9
LH:140
LF:149
end_of_record
SF:src\dense\NL_integrators\NL_LiQSS_discreteIntegrator.jl
DA:1,3
DA:2,3
DA:3,0
DA:5,3
DA:6,3
DA:7,3
DA:8,3
DA:9,3
DA:10,3
DA:11,3
DA:12,3
DA:13,3
DA:14,3
DA:15,3
DA:16,3
DA:17,3
DA:18,3
DA:19,3
DA:20,3
DA:21,3
DA:22,3
DA:23,3
DA:24,3
DA:25,3
DA:26,3
DA:27,3
DA:28,3
DA:30,3
DA:31,3
DA:32,3
DA:33,3
DA:34,3
DA:35,3
DA:37,3
DA:38,3
DA:40,3
DA:41,3
DA:42,28
DA:43,28
DA:45,3
DA:46,34
DA:47,34
DA:48,31
DA:49,3
DA:50,3
DA:51,3
DA:53,8
DA:54,3
DA:56,3
DA:57,3
DA:58,5
DA:59,5
DA:60,19
DA:61,33
DA:62,5
DA:63,32
DA:64,19
DA:66,19
DA:67,19
DA:68,33
DA:69,7
DA:70,3
DA:71,3
DA:72,3
DA:73,12
DA:74,12
DA:75,12
DA:76,12
DA:77,19
DA:78,24
DA:79,12
DA:80,3
DA:81,3
DA:82,2
DA:83,1
DA:84,1
DA:85,1
DA:86,1
DA:90,9
DA:92,21
DA:93,3
DA:94,8
DA:95,4
DA:96,4
DA:97,4
DA:98,4
DA:99,5
DA:105,3
DA:106,3
DA:107,3
DA:108,3
DA:109,3
DA:110,3
DA:111,3
DA:112,3
DA:113,3
DA:114,0
DA:116,28003
DA:117,28003
DA:118,0
DA:120,28003
DA:121,28003
DA:122,28003
DA:123,28003
DA:124,28003
DA:126,3
DA:128,28000
DA:129,28000
DA:131,28000
DA:132,23453
DA:133,23453
DA:134,23453
DA:135,23453
DA:136,24776
DA:137,23453
DA:138,23453
DA:139,23453
DA:140,43419
DA:141,46906
DA:142,23453
DA:143,23453
DA:144,23453
DA:145,40333
DA:146,40333
DA:147,20509
DA:148,19632
DA:150,40333
DA:151,40333
DA:152,20509
DA:153,19632
DA:155,79031
DA:156,40333
DA:157,40333
DA:158,40333
DA:159,63786
DA:160,46906
DA:161,0
DA:162,0
DA:163,0
DA:164,0
DA:165,0
DA:167,0
DA:168,0
DA:169,0
DA:170,0
DA:171,0
DA:173,4547
DA:174,4543
DA:175,4543
DA:176,4702
DA:177,4543
DA:178,4543
DA:179,9085
DA:180,9086
DA:181,4543
DA:182,4702
DA:183,4861
DA:184,4543
DA:189,9089
DA:190,4543
DA:191,4543
DA:192,4543
DA:193,4543
DA:194,30
DA:195,15
DA:196,15
DA:197,15
DA:198,15
DA:201,4543
DA:202,4543
DA:203,4543
DA:204,4702
DA:205,4543
DA:207,4543
DA:208,4543
DA:209,4702
DA:210,4543
DA:213,4543
DA:214,9086
DA:215,9086
DA:216,13629
DA:217,9089
DA:218,4543
DA:219,4543
DA:220,4543
DA:221,9086
DA:222,4543
DA:223,4543
DA:224,4543
DA:225,4543
DA:226,4543
DA:228,4543
DA:229,9086
DA:230,9086
DA:231,0
DA:232,0
DA:234,13629
DA:235,9089
DA:236,4543
DA:237,4543
DA:238,4543
DA:239,9086
DA:240,9086
DA:241,0
DA:242,0
DA:243,0
DA:244,0
DA:245,0
DA:247,0
DA:248,0
DA:249,0
DA:250,0
DA:251,0
DA:255,8
DA:256,0
DA:257,0
DA:258,0
DA:259,0
DA:261,0
DA:263,8
DA:264,4
DA:265,4
DA:266,4
DA:267,0
DA:268,0
DA:271,4
DA:272,0
DA:273,0
DA:275,4
DA:276,4
DA:277,0
DA:278,0
DA:280,0
DA:281,0
DA:283,4
DA:284,4
DA:285,4
DA:286,8
DA:287,0
DA:288,0
DA:289,0
DA:290,0
DA:292,0
DA:293,4
DA:294,5
DA:295,12
DA:296,18
DA:297,24
DA:298,12
DA:299,24
DA:300,12
DA:301,15
DA:302,4
DA:303,4
DA:304,13
DA:305,13
DA:306,4
DA:307,4
DA:309,13
DA:310,13
DA:311,2
DA:312,2
DA:314,13
DA:315,147
DA:316,26
DA:317,26
DA:318,3
DA:319,3
DA:322,111
DA:323,23
DA:324,13
DA:325,13
DA:326,13
DA:327,17
DA:328,8
DA:329,0
DA:330,0
DA:331,0
DA:332,0
DA:333,0
DA:335,0
DA:336,0
DA:337,0
DA:338,0
DA:339,0
DA:341,28000
DA:342,28000
DA:343,27996
DA:344,27996
DA:346,4
DA:347,13
DA:348,13
DA:349,13
DA:351,28000
DA:352,3
LH:242
LF:295
end_of_record
SF:src\dense\NL_integrators\NL_QSS_Integrator.jl
DA:1,13
DA:2,13
DA:3,13
DA:4,13
DA:5,13
DA:6,13
DA:7,13
DA:8,13
DA:9,13
DA:10,13
DA:11,13
DA:12,13
DA:13,13
DA:14,13
DA:15,13
DA:16,13
DA:17,13
DA:18,13
DA:19,13
DA:20,13
DA:21,13
DA:22,13
DA:23,13
DA:24,21
DA:25,21
DA:26,42
DA:27,63
DA:28,21
DA:29,128
DA:30,62
DA:31,42
DA:32,42
DA:33,63
DA:34,29
DA:35,13
DA:36,13
DA:37,13
DA:38,26
DA:39,26
DA:40,26
DA:41,26
DA:42,45
DA:43,52
DA:44,26
DA:45,5
DA:46,5
DA:47,3
DA:48,1
DA:49,1
DA:50,1
DA:51,0
DA:55,21
DA:57,39
DA:58,13
DA:59,13
DA:60,13
DA:61,64036
DA:62,64023
DA:63,64023
DA:64,64023
DA:65,64023
DA:66,64023
DA:67,64023
DA:68,64023
DA:69,59134
DA:70,59134
DA:71,61804
DA:72,59134
DA:73,59134
DA:74,97796
DA:75,118268
DA:76,59134
DA:77,61804
DA:78,64474
DA:79,59134
DA:80,59134
DA:81,59602
DA:82,98444
DA:83,98444
DA:84,53132
DA:85,51027
DA:87,98444
DA:88,98444
DA:89,42166
DA:90,40227
DA:92,98444
DA:93,192157
DA:94,192157
DA:95,18702
DA:96,18439
DA:98,290601
DA:99,291625
DA:100,103098
DA:101,98444
DA:102,98444
DA:103,157110
DA:104,4889
DA:105,4889
DA:106,6075
DA:107,4889
DA:108,4889
DA:109,9778
DA:110,9778
DA:111,4889
DA:112,6075
DA:113,7261
DA:114,4889
DA:119,14667
DA:120,7111
DA:121,4889
DA:122,4889
DA:123,4889
DA:124,0
DA:125,0
DA:126,0
DA:127,0
DA:128,0
DA:131,4889
DA:132,4889
DA:133,4889
DA:134,6075
DA:135,4889
DA:137,4889
DA:138,4889
DA:139,6075
DA:140,4889
DA:142,4889
DA:143,9755
DA:144,9755
DA:145,14644
DA:146,14667
DA:147,7111
DA:148,4889
DA:149,4889
DA:150,4889
DA:152,64023
DA:153,64023
DA:154,64023
DA:155,13
LH:133
LF:139
end_of_record
SF:src\dense\NL_integrators\NL_QSS_discreteIntegrator.jl
DA:1,4
DA:2,4
DA:3,4
DA:4,4
DA:5,4
DA:6,4
DA:7,4
DA:8,4
DA:9,4
DA:10,4
DA:11,4
DA:12,4
DA:13,4
DA:14,4
DA:15,4
DA:16,4
DA:17,4
DA:18,4
DA:19,4
DA:20,4
DA:21,4
DA:22,4
DA:23,4
DA:24,4
DA:25,4
DA:26,4
DA:27,14
DA:28,4
DA:29,4
DA:30,4
DA:31,7
DA:32,7
DA:33,23
DA:34,39
DA:35,7
DA:36,72
DA:37,23
DA:38,23
DA:39,23
DA:40,39
DA:41,10
DA:42,4
DA:43,4
DA:44,4
DA:45,14
DA:46,14
DA:47,14
DA:48,14
DA:49,21
DA:50,28
DA:51,14
DA:52,3
DA:53,3
DA:54,2
DA:55,1
DA:56,1
DA:57,1
DA:58,0
DA:62,11
DA:64,24
DA:65,4
DA:66,38
DA:67,7
DA:68,7
DA:69,7
DA:70,7
DA:71,10
DA:72,4
DA:73,4
DA:74,4
DA:75,4
DA:76,4
DA:77,4
DA:78,208164
DA:79,208164
DA:80,208164
DA:81,208164
DA:82,208164
DA:83,208164
DA:84,208164
DA:85,4
DA:87,208160
DA:88,208160
DA:89,208160
DA:90,203553
DA:91,203553
DA:92,203553
DA:93,369296
DA:94,203553
DA:95,203553
DA:96,238853
DA:97,407106
DA:101,203553
DA:102,369296
DA:103,535039
DA:104,203553
DA:105,203553
DA:106,203553
DA:107,398244
DA:108,398244
DA:109,362789
DA:110,197443
DA:112,398244
DA:113,398244
DA:114,362393
DA:115,197245
DA:117,398244
DA:118,796488
DA:119,796488
DA:120,37821
DA:121,36471
DA:123,1194732
DA:124,3427120
DA:125,398244
DA:126,398244
DA:127,398244
DA:128,601797
DA:129,242790
DA:130,164316
DA:131,164316
DA:132,164316
DA:133,328632
DA:134,1643160
DA:135,164316
DA:136,164316
DA:137,328632
DA:138,4607
DA:139,4552
DA:140,4711
DA:141,4552
DA:142,4552
DA:143,9103
DA:144,9104
DA:145,4552
DA:146,4711
DA:147,4870
DA:148,4552
DA:153,9107
DA:154,4552
DA:155,4552
DA:156,4552
DA:157,4552
DA:158,44
DA:159,22
DA:160,22
DA:161,22
DA:162,22
DA:165,4552
DA:166,4552
DA:167,4552
DA:168,4711
DA:169,4552
DA:171,4552
DA:172,4552
DA:173,4711
DA:174,4552
DA:176,4552
DA:177,9104
DA:178,9104
DA:179,13656
DA:180,9107
DA:181,4552
DA:182,4552
DA:183,4552
DA:184,9104
DA:185,4552
DA:186,4552
DA:187,4552
DA:188,4552
DA:189,4552
DA:190,4552
DA:191,9104
DA:192,9104
DA:193,13656
DA:194,9107
DA:195,4552
DA:196,4552
DA:197,4552
DA:198,9104
DA:199,9104
DA:200,0
DA:201,0
DA:202,0
DA:203,0
DA:204,0
DA:206,0
DA:207,0
DA:208,0
DA:209,0
DA:210,0
DA:212,78
DA:213,32
DA:214,32
DA:215,26
DA:216,13
DA:218,64
DA:219,518
DA:220,55
DA:221,55
DA:222,32
DA:223,0
DA:224,0
DA:227,55
DA:228,0
DA:229,0
DA:231,55
DA:232,39
DA:233,16
DA:234,16
DA:236,0
DA:237,0
DA:239,55
DA:240,55
DA:241,55
DA:242,110
DA:243,0
DA:244,0
DA:245,0
DA:246,0
DA:248,0
DA:249,55
DA:250,107
DA:251,12
DA:252,18
DA:253,24
DA:254,57
DA:255,12
DA:256,12
DA:257,12
DA:258,15
DA:259,55
DA:260,55
DA:261,64
DA:262,168
DA:263,64
DA:264,64
DA:265,40
DA:266,21
DA:268,64
DA:269,300
DA:270,128
DA:271,128
DA:272,67
DA:273,35
DA:276,264
DA:277,533
DA:278,64
DA:279,64
DA:280,64
DA:281,119
DA:282,59
DA:283,87
DA:284,51
DA:285,51
DA:286,0
DA:287,0
DA:289,102
DA:290,690
DA:291,69
DA:293,69
DA:294,69
DA:296,208160
DA:297,208105
DA:298,208105
DA:300,55
DA:301,64
DA:302,64
DA:303,64
DA:306,208160
DA:307,4
LH:246
LF:270
end_of_record
SF:src\dense\NL_integrators\NL_nmLiQSS_Integrator.jl
DA:1,12
DA:2,12
DA:3,12
DA:4,12
DA:5,12
DA:6,12
DA:7,12
DA:8,12
DA:9,12
DA:10,12
DA:11,12
DA:12,12
DA:13,12
DA:14,12
DA:15,12
DA:16,12
DA:17,12
DA:18,12
DA:19,12
DA:20,12
DA:21,12
DA:22,12
DA:23,12
DA:24,12
DA:25,12
DA:26,12
DA:27,12
DA:28,12
DA:29,96
DA:30,96
DA:31,12
DA:32,120
DA:33,120
DA:34,108
DA:35,12
DA:36,12
DA:37,12
DA:39,12
DA:40,12
DA:41,18
DA:42,18
DA:43,3038
DA:44,6058
DA:45,18
DA:46,33186
DA:47,3044
DA:48,3038
DA:49,3038
DA:50,6058
DA:51,24
DA:52,12
DA:53,12
DA:54,12
DA:55,2024
DA:56,2024
DA:57,2024
DA:58,2024
DA:59,2708
DA:60,4048
DA:61,2024
DA:63,4
DA:64,4
DA:66,3
DA:67,1
DA:68,1
DA:69,1
DA:70,1
DA:74,2020
DA:76,4036
DA:82,12
DA:83,12
DA:84,12
DA:85,12
DA:86,12
DA:87,661556
DA:88,661556
DA:89,0
DA:91,661556
DA:92,661556
DA:93,661556
DA:94,661556
DA:95,12
DA:97,661544
DA:98,661544
DA:99,661544
DA:101,661544
DA:102,656678
DA:103,656678
DA:104,702640
DA:105,656678
DA:106,656678
DA:107,1220284
DA:108,1313356
DA:109,656678
DA:110,656678
DA:111,1894010
DA:112,1894010
DA:113,2032400
DA:114,1894010
DA:116,2550688
DA:117,656678
DA:118,656678
DA:120,656678
DA:121,656678
DA:122,1894814
DA:123,5574634
DA:124,5574634
DA:125,1253386
DA:126,1167752
DA:128,7469448
DA:129,1894814
DA:130,1907828
DA:131,1894814
DA:132,1894814
DA:133,1907828
DA:134,1894814
DA:135,1894814
DA:136,1237398
DA:137,68714
DA:138,734280
DA:139,68714
DA:140,68714
DA:141,68714
DA:142,221191
DA:143,83764
DA:144,144057
DA:145,83764
DA:146,83764
DA:147,98419
DA:148,83764
DA:149,268483
DA:150,268483
DA:151,102228
DA:152,62806
DA:154,352247
DA:155,869944
DA:156,83764
DA:157,83764
DA:158,83764
DA:160,289905
DA:163,2551492
DA:164,656678
DA:165,40376
DA:170,656678
DA:171,1894814
DA:172,1897913
DA:173,1894814
DA:174,1894814
DA:175,19779550
DA:176,1895205
DA:177,1894814
DA:178,1894814
DA:179,2551492
DA:181,4866
DA:182,4866
DA:183,6028
DA:184,4866
DA:185,4866
DA:186,9732
DA:187,9732
DA:188,4866
DA:189,6028
DA:190,7190
DA:191,4866
DA:196,14598
DA:197,7064
DA:198,4866
DA:199,4866
DA:200,4866
DA:201,3
DA:202,1
DA:203,1
DA:204,1
DA:205,1
DA:208,4866
DA:209,4866
DA:210,4866
DA:211,6028
DA:212,4866
DA:214,4866
DA:215,4866
DA:216,6028
DA:217,4866
DA:219,4866
DA:220,9732
DA:221,9732
DA:223,14598
DA:224,14598
DA:225,7064
DA:226,4866
DA:227,4866
DA:228,4866
DA:231,661544
DA:232,661544
DA:233,661544
DA:234,12
LH:195
LF:196
end_of_record
SF:src\dense\NL_integrators\NL_nmLiQSS_discreteIntegrator.jl
DA:1,7
DA:2,7
DA:3,7
DA:4,7
DA:5,7
DA:6,7
DA:7,7
DA:8,7
DA:9,7
DA:10,7
DA:11,7
DA:12,7
DA:13,7
DA:14,7
DA:15,7
DA:16,7
DA:17,7
DA:18,7
DA:19,7
DA:20,7
DA:21,7
DA:22,7
DA:23,7
DA:24,7
DA:27,7
DA:28,7
DA:29,7
DA:30,7
DA:31,7
DA:32,7
DA:33,7
DA:34,7
DA:36,7
DA:37,7
DA:38,7
DA:39,7
DA:40,76
DA:41,76
DA:42,7
DA:43,90
DA:44,90
DA:45,83
DA:46,7
DA:47,7
DA:48,7
DA:50,30
DA:51,7
DA:53,7
DA:54,7
DA:55,13
DA:56,13
DA:57,52
DA:58,91
DA:59,13
DA:60,170
DA:61,52
DA:62,52
DA:63,52
DA:64,91
DA:65,19
DA:66,7
DA:67,7
DA:68,7
DA:69,27
DA:70,27
DA:71,27
DA:72,27
DA:73,42
DA:74,54
DA:75,27
DA:76,5
DA:77,5
DA:78,4
DA:79,1
DA:80,1
DA:81,1
DA:82,1
DA:86,22
DA:88,47
DA:89,7
DA:90,84
DA:91,15
DA:92,15
DA:93,15
DA:94,15
DA:95,23
DA:101,7
DA:102,7
DA:103,7
DA:104,7
DA:105,7
DA:106,7
DA:107,7
DA:108,7
DA:109,7
DA:110,7
DA:111,83308
DA:112,83308
DA:113,83308
DA:114,83308
DA:115,83308
DA:116,83308
DA:117,83308
DA:118,7
DA:120,83301
DA:121,83301
DA:123,83301
DA:124,82810
DA:125,82810
DA:126,82810
DA:127,82810
DA:128,85910
DA:129,82810
DA:130,82810
DA:131,82810
DA:132,147703
DA:133,165620
DA:134,82993
DA:135,165746
DA:136,165746
DA:137,172072
DA:138,165746
DA:140,248373
DA:141,82810
DA:142,82810
DA:144,82810
DA:145,82810
DA:146,165414
DA:147,332555
DA:148,332555
DA:149,5446
DA:150,2723
DA:152,497969
DA:153,165414
DA:154,168599
DA:155,165414
DA:156,165414
DA:157,168599
DA:158,165414
DA:159,165414
DA:160,81438
DA:161,108
DA:162,1080
DA:163,108
DA:164,108
DA:165,108
DA:166,216
DA:167,0
DA:168,0
DA:169,0
DA:170,0
DA:171,0
DA:172,0
DA:173,0
DA:175,0
DA:176,0
DA:177,0
DA:178,0
DA:179,0
DA:181,0
DA:182,0
DA:183,0
DA:184,0
DA:185,0
DA:187,324
DA:188,186
DA:189,30
DA:190,30
DA:191,30
DA:192,60
DA:193,300
DA:194,30
DA:195,30
DA:196,60
DA:199,248224
DA:200,82810
DA:201,108
DA:207,82810
DA:208,165414
DA:209,165414
DA:210,3072
DA:211,1536
DA:213,165414
DA:214,165414
DA:215,1615400
DA:216,165414
DA:217,165414
DA:218,165414
DA:219,248224
DA:220,92199
DA:221,73421
DA:222,73777
DA:223,73777
DA:224,147198
DA:225,731466
DA:226,73421
DA:227,73421
DA:228,146842
DA:230,491
DA:231,382
DA:232,764
DA:233,382
DA:234,382
DA:235,763
DA:236,764
DA:237,382
DA:238,764
DA:239,1146
DA:240,382
DA:245,783
DA:246,382
DA:247,382
DA:248,382
DA:249,382
DA:250,132
DA:251,58
DA:252,58
DA:253,58
DA:254,43
DA:257,382
DA:258,382
DA:259,382
DA:260,764
DA:261,382
DA:263,382
DA:264,382
DA:265,764
DA:266,382
DA:269,382
DA:270,772
DA:271,772
DA:272,16
DA:273,8
DA:275,1154
DA:276,783
DA:277,382
DA:278,382
DA:279,382
DA:280,764
DA:281,382
DA:282,382
DA:283,382
DA:284,382
DA:285,382
DA:287,382
DA:288,772
DA:289,772
DA:290,1154
DA:291,783
DA:292,382
DA:293,382
DA:294,382
DA:295,764
DA:296,627
DA:297,137
DA:298,137
DA:299,137
DA:300,274
DA:301,274
DA:302,137
DA:303,137
DA:304,137
DA:307,153
DA:308,65
DA:309,65
DA:310,58
DA:311,29
DA:313,130
DA:314,908
DA:315,109
DA:316,109
DA:317,55
DA:318,0
DA:319,0
DA:322,109
DA:323,0
DA:324,0
DA:326,109
DA:327,85
DA:328,24
DA:329,24
DA:331,0
DA:332,0
DA:334,109
DA:335,109
DA:336,109
DA:337,218
DA:338,0
DA:339,0
DA:340,0
DA:341,0
DA:343,0
DA:344,109
DA:345,198
DA:346,97
DA:347,154
DA:348,194
DA:349,97
DA:350,97
DA:351,97
DA:352,97
DA:353,117
DA:354,109
DA:355,110
DA:356,171
DA:357,171
DA:358,97
DA:359,58
DA:361,171
DA:362,171
DA:363,65
DA:364,42
DA:366,171
DA:367,1269
DA:368,342
DA:369,342
DA:370,93
DA:371,56
DA:374,1017
DA:375,1027
DA:376,171
DA:377,171
DA:378,171
DA:379,279
DA:380,115
DA:381,175
DA:382,103
DA:383,103
DA:384,0
DA:385,0
DA:387,206
DA:388,1254
DA:389,139
DA:390,139
DA:391,139
DA:393,83301
DA:394,83301
DA:395,83192
DA:396,83192
DA:398,110
DA:399,171
DA:400,171
DA:401,171
DA:403,83301
DA:404,7
LH:315
LF:345
end_of_record
SF:src\dense\Quantizers\LiQSS_quantizer1.jl
DA:1,818921
DA:2,818921
DA:3,869991
DA:4,818921
DA:5,818921
DA:6,818921
DA:7,818921
DA:8,818921
DA:9,818921
DA:10,818921
DA:11,818921
DA:12,818921
DA:13,818921
DA:14,797098
DA:15,797098
DA:16,797098
DA:17,797098
DA:18,797098
DA:19,797098
DA:20,778689
DA:21,671914
DA:22,671914
DA:23,106775
DA:24,90237
DA:25,90237
DA:27,16538
DA:28,795227
DA:31,18409
DA:32,11351
DA:33,11351
DA:34,7058
DA:35,7056
DA:36,7056
DA:38,2
DA:39,2
DA:40,2
DA:42,0
DA:43,797098
DA:48,21823
DA:49,19497
DA:51,2326
DA:53,21823
DA:54,20112
DA:56,1711
DA:59,818921
DA:60,818921
DA:61,818921
DA:63,2180126
DA:64,2180126
DA:65,2180126
DA:66,2180126
DA:67,2180126
DA:68,2180126
DA:69,1
DA:71,2180125
DA:72,2176017
DA:73,2176017
DA:74,2096734
DA:75,79283
DA:76,78882
DA:77,46381
DA:79,2208518
DA:83,4108
DA:86,2180126
DA:87,0
LH:63
LF:65
end_of_record
SF:src\dense\Quantizers\LiQSS_quantizer2.jl
DA:2,53086
DA:3,53086
DA:4,56572
DA:5,53086
DA:7,53086
DA:8,53086
DA:9,53086
DA:10,53086
DA:11,53086
DA:12,53086
DA:13,53086
DA:14,53086
DA:15,53086
DA:16,53086
DA:17,53086
DA:18,53086
DA:19,53086
DA:20,53086
DA:21,53086
DA:22,52564
DA:23,24123
DA:24,8217
DA:25,8217
DA:27,15906
DA:28,15906
DA:29,40029
DA:32,28441
DA:33,28441
DA:34,6473
DA:35,6473
DA:37,21968
DA:38,21968
DA:39,50409
DA:42,0
DA:43,0
DA:45,52564
DA:46,37874
DA:47,37874
DA:49,37874
DA:52,67254
DA:56,522
DA:57,509
DA:58,509
DA:59,509
DA:62,13
DA:64,0
DA:65,0
DA:66,0
DA:68,13
DA:69,13
DA:70,13
DA:74,53086
DA:75,53086
DA:76,53086
DA:77,53086
DA:79,242683
DA:80,242683
DA:81,242683
DA:82,242683
DA:83,242683
DA:84,242683
DA:85,242683
DA:86,242683
DA:87,242683
DA:88,3
DA:90,242680
DA:91,242680
DA:92,242680
DA:93,122862
DA:94,122862
DA:95,122862
DA:96,77516
DA:98,119818
DA:99,119197
DA:100,119197
DA:101,119197
DA:102,79525
DA:105,242680
DA:106,15
LH:74
LF:79
end_of_record
SF:src\dense\Quantizers\QSS_quantizer.jl
DA:2,114186
DA:3,114186
DA:4,114186
DA:5,114180
DA:6,114180
DA:7,114180
DA:9,0
DA:10,114180
DA:14,6
DA:16,114186
DA:18,172666
DA:19,172666
DA:20,172666
DA:21,168467
DA:22,168467
DA:23,168467
DA:25,0
DA:26,168467
DA:30,4199
DA:31,4190
DA:32,4190
DA:33,4190
DA:35,0
DA:36,4190
DA:40,9
DA:43,172666
DA:62,190698
DA:63,190698
DA:64,190698
DA:65,4150
DA:67,186548
DA:68,370707
DA:69,186548
DA:70,370707
DA:71,186548
DA:72,186548
DA:73,186548
DA:76,339628
DA:77,339628
DA:78,339628
DA:79,56
DA:81,339572
DA:82,339572
DA:83,339572
DA:84,339572
DA:85,339572
DA:86,339572
DA:87,339572
DA:89,339628
DA:93,43
DA:94,43
DA:95,43
DA:96,43
DA:97,43
DA:98,43
DA:100,0
DA:102,43
DA:103,43
DA:105,0
DA:107,43
DA:110,59
DA:111,118
DA:112,59
DA:113,59
DA:114,59
DA:115,59
DA:117,0
DA:120,59
DA:121,0
DA:124,59
DA:125,59
DA:126,59
DA:127,59
DA:129,0
DA:131,59
DA:132,50
DA:134,9
DA:135,0
DA:137,9
DA:141,59
DA:168,238306
DA:169,238306
DA:170,55
DA:171,55
DA:172,238251
DA:173,74
DA:175,238202
DA:176,238177
DA:177,17
DA:179,238177
DA:183,238177
DA:184,238177
LH:83
LF:92
end_of_record
SF:src\dense\Quantizers\Quantizer_Common.jl
DA:1,3288252
DA:3,3288252
DA:5,1384937
DA:6,1837819
DA:8,224562
DA:9,449124
DA:10,224562
DA:21,2400114
DA:22,2400114
DA:23,2400114
DA:25,605347
DA:26,605347
DA:27,605347
DA:28,605347
LH:14
LF:14
end_of_record
SF:src\dense\Quantizers\mLiQSS_quantizer1.jl
DA:2,1226042
DA:3,1226042
DA:4,1233213
DA:5,1226042
DA:6,1226042
DA:7,1233213
DA:8,1226042
DA:9,1226042
DA:10,1226042
DA:11,1226042
DA:12,1226042
DA:13,1226042
DA:14,1226042
DA:15,1226042
DA:16,1226042
DA:17,1226042
DA:18,1226042
DA:19,1226042
DA:20,1226042
DA:21,1226042
DA:22,1226042
DA:23,1226042
DA:24,1226042
DA:25,1226042
DA:26,1226042
DA:27,1226042
DA:28,1226042
DA:36,2451363
DA:37,27157
DA:38,31977
DA:39,23355
DA:40,23355
DA:41,20
DA:44,35378
DA:45,19941
DA:46,19941
DA:47,14
DA:50,27157
DA:51,975
DA:54,1226042
DA:56,23508
DA:57,70524
DA:58,70524
DA:59,70524
DA:60,70524
DA:61,117540
DA:62,23508
DA:63,94032
DA:64,94032
DA:65,164556
DA:67,23508
DA:68,23508
DA:69,23508
DA:70,23508
DA:71,23508
DA:72,23508
DA:73,23508
DA:74,23508
DA:75,23508
DA:76,23508
DA:77,23508
DA:78,23508
DA:79,23508
DA:80,23508
DA:81,23508
DA:82,23508
DA:84,25145
DA:85,25440
DA:87,23508
DA:88,23508
DA:89,70524
DA:90,70524
DA:91,70524
DA:92,70524
DA:93,70524
DA:94,117540
DA:95,23508
DA:96,44107
DA:97,0
DA:99,23508
DA:100,20599
DA:101,20599
DA:103,2909
DA:104,2909
DA:105,2909
DA:106,2909
DA:108,0
DA:109,0
DA:110,0
DA:114,23508
DA:116,47016
DA:117,47015
DA:118,47015
DA:119,1
DA:120,1
DA:121,0
DA:122,0
DA:124,0
DA:125,0
DA:127,0
DA:131,47016
DA:132,23508
DA:133,23508
DA:134,23508
DA:135,23508
DA:137,1226042
DA:139,41202
DA:140,41202
DA:141,41202
DA:142,1
DA:143,41201
DA:144,2
DA:145,1
DA:146,1
DA:147,0
DA:149,3
DA:152,41199
DA:154,41202
DA:156,1
DA:157,1
DA:158,1
DA:159,4
DA:160,2
DA:161,2
DA:162,2
DA:163,2
DA:164,2
DA:165,2
DA:166,2
DA:167,2
DA:168,2
DA:171,2
DA:172,1
LH:123
LF:133
end_of_record
SF:src\dense\Quantizers\mLiQSS_quantizer2.jl
DA:1,92794
DA:2,185621
DA:3,92794
DA:4,185621
DA:5,92794
DA:6,92794
DA:7,92794
DA:8,927940
DA:9,185588
DA:10,185588
DA:11,92794
DA:12,371176
DA:13,371176
DA:14,92794
DA:15,92794
DA:16,92794
DA:17,92794
DA:18,92794
DA:19,92794
DA:20,92794
DA:21,92794
DA:22,92794
DA:23,92794
DA:24,92794
DA:25,92794
DA:26,92794
DA:27,92794
DA:28,92794
DA:29,92794
DA:30,92794
DA:31,92794
DA:32,92794
DA:33,92794
DA:34,92794
DA:35,92794
DA:36,92794
DA:37,92794
DA:38,92794
DA:39,92794
DA:40,92794
DA:41,92794
DA:43,161576
DA:44,70729
DA:45,45439
DA:69,184948
DA:70,713
DA:71,713
DA:72,156
DA:132,92794
DA:133,45314
DA:134,45314
DA:135,45314
DA:136,45314
DA:137,45314
DA:138,45314
DA:139,45314
DA:140,45314
DA:141,45314
DA:142,45314
DA:143,45314
DA:144,45314
DA:145,45314
DA:146,45314
DA:147,45314
DA:148,45314
DA:149,45314
DA:150,45314
DA:151,45314
DA:152,45314
DA:153,45314
DA:154,45314
DA:155,45314
DA:156,226570
DA:157,45314
DA:158,45314
DA:159,45314
DA:160,45314
DA:163,83991
DA:164,28058
DA:165,14029
DA:166,14029
DA:167,14029
DA:168,70145
DA:169,14029
DA:170,14029
DA:171,14029
DA:172,14029
DA:176,45314
DA:177,90628
DA:178,0
DA:179,0
DA:180,0
DA:181,0
DA:182,0
DA:183,0
DA:184,0
DA:185,0
DA:186,0
DA:187,0
DA:188,0
DA:191,0
DA:192,45314
DA:193,0
DA:195,45314
DA:196,0
DA:197,0
DA:199,45314
DA:200,0
DA:201,0
DA:203,45314
DA:204,0
DA:205,0
DA:207,45314
DA:208,45314
DA:209,45314
DA:210,45314
DA:211,45314
DA:212,45314
DA:213,45314
DA:215,92794
LH:101
LF:120
end_of_record
SF:src\ownTaylor\arithmetic.jl
DA:7,749768
DA:8,749768
DA:10,749750
DA:11,1
DA:12,3
DA:13,1
DA:15,1
DA:16,3
DA:17,1
DA:18,1
DA:20,2
DA:21,2
DA:22,2
DA:23,2
DA:25,1
DA:26,1
DA:27,2
DA:28,1
DA:30,1
DA:31,1
DA:32,2
DA:33,1
DA:35,106
DA:36,106
DA:37,106
DA:38,106
DA:40,1
DA:41,1
DA:43,1
DA:44,2
DA:45,1
DA:47,3
DA:48,3
DA:49,6
DA:50,3
DA:52,3
DA:53,3
DA:54,3
DA:55,3
DA:57,5
DA:58,5
DA:59,10
DA:60,5
DA:61,5
DA:63,2
DA:64,6
DA:65,4
DA:66,8
DA:67,10
DA:68,2
DA:70,22
DA:71,22
DA:72,44
DA:73,22
DA:75,1
DA:76,6
DA:77,6
DA:78,10
DA:79,6
DA:80,8
DA:81,6
DA:83,1
DA:84,1
DA:85,1
DA:86,2
DA:87,1
DA:89,1
DA:90,1
DA:92,1
DA:93,3
DA:94,2
DA:95,5
DA:96,5
DA:97,1
DA:99,749746
DA:100,1499492
DA:101,1499492
DA:102,749746
DA:103,749746
DA:104,749746
DA:105,749746
DA:106,749746
DA:109,749746
DA:111,3
DA:112,3
DA:113,3
DA:114,1
DA:115,1
DA:117,2
DA:118,2
DA:119,3
DA:120,1
DA:121,1
DA:122,2
DA:123,2
DA:125,0
DA:127,2
LH:96
LF:97
end_of_record
SF:src\ownTaylor\arithmeticT.jl
DA:1,0
DA:2,5763
DA:3,0
DA:4,29822
DA:5,29822
DA:7,29822
DA:8,6
DA:9,6
DA:10,5
DA:11,5
DA:12,4
DA:13,4
DA:14,3
DA:15,3
DA:16,2
DA:17,2
DA:18,1
DA:19,1
DA:20,0
DA:21,0
DA:22,0
DA:23,0
DA:24,0
DA:27,0
DA:28,0
DA:29,0
DA:30,0
DA:32,29822
DA:33,29822
DA:34,29822
DA:37,5610042
DA:38,5610042
DA:39,5610042
DA:40,5610042
DA:41,3720078
DA:42,3720078
DA:43,3
DA:44,3
DA:45,2
DA:46,2
DA:47,1
DA:48,1
DA:54,5610042
DA:55,5610042
DA:56,5610042
DA:60,18944
DA:61,18944
DA:62,18944
DA:68,6605
DA:69,6605
DA:70,6605
DA:75,1880944
DA:76,3761888
DA:77,1880944
DA:79,21996
DA:80,21996
DA:81,21996
DA:82,43992
DA:83,21996
DA:88,407403
DA:89,407403
DA:90,407403
DA:91,814806
DA:92,407403
DA:94,407403
DA:95,1
DA:96,2
DA:97,1
DA:98,1
DA:100,2
DA:101,2
DA:102,2
DA:103,2
DA:105,1
DA:106,2
DA:107,2
DA:108,2
DA:114,252674
DA:115,505348
DA:116,252674
DA:118,1
DA:119,1
DA:120,1
DA:126,1921
DA:127,3842
DA:128,1921
DA:130,61
DA:131,61
DA:132,61
DA:133,61
DA:134,61
DA:136,61
DA:137,1
DA:138,2
DA:139,1
DA:140,2
DA:141,1
DA:143,1
DA:144,1
DA:145,1
DA:146,1
DA:148,1
DA:149,2
DA:150,1
DA:151,1
DA:153,1
DA:154,1
DA:155,1
DA:156,1
DA:159,2281507
DA:160,2281507
DA:166,2517203
DA:167,5034406
DA:168,2517203
DA:170,958166
DA:171,958166
DA:172,958166
DA:173,958166
DA:175,1865769
DA:176,3731538
DA:177,1865769
DA:178,1865769
DA:180,237557
DA:182,237557
DA:183,237557
DA:196,269937
DA:197,539874
DA:198,269937
DA:200,29826
DA:201,29826
DA:202,29826
DA:203,29826
DA:205,29816
DA:206,721849
DA:208,721849
DA:209,721849
DA:212,1889859
DA:213,3779718
DA:214,1889859
DA:216,7
DA:217,14
DA:218,7
DA:219,7
DA:221,3
DA:222,1
DA:223,8
DA:224,8
DA:225,8
DA:226,8
DA:228,1
DA:229,1
DA:230,1
DA:231,1
DA:232,1
DA:235,4369981
DA:236,10026764
DA:237,4369981
DA:238,4369981
DA:240,3165757
DA:244,267373
DA:245,534746
DA:246,729279
DA:247,1191185
DA:248,656439
DA:249,850972
DA:250,1191185
DA:251,267373
DA:253,65
DA:257,65
DA:258,65
DA:261,3750006
DA:262,7904174
DA:263,7500012
DA:264,3750006
DA:266,1889960
DA:267,7470082
DA:268,14940164
DA:269,15718558
DA:270,23967034
DA:271,9026870
DA:272,9805264
DA:273,23967034
DA:274,7470082
DA:275,7470082
DA:277,3720080
DA:281,3720080
DA:282,3720080
DA:298,239479
DA:299,239479
DA:305,1216500
DA:306,1216500
DA:308,1
DA:309,1
DA:310,1
DA:312,734081
DA:313,1963070
DA:317,734081
DA:318,734081
DA:320,1
DA:321,1
DA:322,1
DA:323,1
DA:329,749744
DA:330,749744
DA:331,749742
DA:332,749742
DA:333,1499484
DA:334,1274053
DA:335,1274053
DA:336,1798364
DA:337,524311
DA:338,524311
DA:339,1274053
DA:340,1274053
DA:342,0
DA:344,1798364
DA:345,749742
DA:361,772983
DA:362,772983
DA:363,7653572
DA:364,7653572
DA:365,7653572
DA:366,14534161
DA:368,2474086
DA:369,2474086
DA:370,22292672
DA:371,22292672
DA:372,42111258
LH:216
LF:228
end_of_record
SF:src\ownTaylor\constructors.jl
DA:15,754491
DA:18,1
DA:19,749750
DA:20,44
DA:21,132
DA:22,44
DA:23,44
DA:25,2
DA:26,118457401
DA:27,109380092
DA:29,1
DA:30,7737630
DA:31,9919975
DA:32,7737630
DA:33,1
DA:34,1
DA:37,1499507
DA:38,4498525
DA:39,1499507
DA:40,1499507
DA:43,6
DA:44,18
DA:45,6
DA:46,6
DA:48,36977
DA:49,2182345
DA:50,2182345
DA:51,4364690
DA:52,3189556
DA:53,4196767
DA:54,2182345
DA:56,3189556
DA:63,1079
DA:64,1079
DA:65,2158
DA:66,3237
DA:67,1079
DA:68,1079
DA:70,3200
DA:71,3200
DA:72,0
DA:73,3200
DA:74,2121
DA:76,1079
DA:77,1079
DA:78,0
DA:79,0
DA:84,1
DA:85,1
DA:86,1
DA:87,1
DA:88,1
DA:89,1
LH:50
LF:53
end_of_record
SF:src\ownTaylor\functions.jl
DA:9,1
DA:10,1
DA:11,1
DA:12,1
DA:13,3
DA:14,2
DA:15,5
DA:16,5
DA:17,1
DA:19,1
DA:20,1
DA:22,1
DA:23,1
DA:24,1
DA:25,3
DA:26,2
DA:27,5
DA:28,5
DA:29,1
DA:31,1
DA:32,1
DA:33,2
DA:34,2
DA:35,2
DA:36,2
DA:37,6
DA:38,6
DA:39,4
DA:40,10
DA:41,10
DA:42,2
DA:44,1
DA:45,1
DA:46,1
DA:47,1
DA:48,3
DA:49,3
DA:50,2
DA:51,5
DA:52,5
DA:53,1
DA:55,1
DA:56,1
DA:57,1
DA:59,1
DA:60,1
DA:61,1
DA:62,3
DA:63,3
DA:64,2
DA:65,5
DA:66,5
DA:67,1
DA:69,1
DA:70,1
DA:71,1
DA:73,1
DA:74,1
DA:75,1
DA:76,3
DA:77,3
DA:78,2
DA:79,5
DA:80,5
DA:81,1
DA:83,1
DA:84,1
DA:85,1
DA:86,1
DA:87,1
DA:88,3
DA:89,3
DA:90,1
DA:92,2
DA:93,5
DA:94,5
DA:95,1
DA:97,1
DA:98,1
DA:99,2
DA:100,2
DA:101,2
DA:102,2
DA:103,6
DA:104,6
DA:105,4
DA:106,10
DA:107,10
DA:108,2
DA:110,1
DA:111,1
DA:112,1
DA:113,1
DA:114,3
DA:115,3
DA:116,2
DA:117,5
DA:118,5
DA:119,1
DA:121,1
DA:122,1
DA:123,1
DA:124,1
DA:125,1
DA:126,3
DA:127,3
DA:128,1
DA:130,2
DA:131,5
DA:132,5
DA:133,1
DA:135,1
DA:136,1
DA:137,1
DA:139,1
DA:140,1
DA:141,1
DA:142,3
DA:143,3
DA:144,2
DA:145,5
DA:146,5
DA:147,1
DA:149,1
DA:150,1
DA:151,1
DA:152,1
DA:153,1
DA:154,3
DA:155,3
DA:156,1
DA:158,2
DA:159,5
DA:160,5
DA:161,1
DA:180,0
DA:181,0
DA:182,0
DA:183,0
DA:184,0
DA:185,0
DA:187,0
DA:191,0
DA:193,0
DA:194,165
DA:195,165
DA:196,55
DA:197,55
DA:199,110
DA:200,165
DA:201,55
DA:202,55
DA:203,110
DA:204,110
DA:206,6
DA:207,6
DA:208,2
DA:209,2
DA:210,4
DA:211,2
DA:212,2
DA:214,2
DA:215,2
DA:216,0
DA:217,0
DA:218,2
DA:219,2
DA:221,195
DA:222,195
DA:223,65
DA:224,65
DA:225,65
DA:227,130
DA:228,130
DA:229,130
DA:230,195
DA:231,65
DA:232,65
DA:233,65
DA:234,65
DA:235,130
DA:236,130
DA:237,130
DA:239,6
DA:240,6
DA:241,2
DA:242,2
DA:243,2
DA:244,2
DA:246,4
DA:247,6
DA:248,2
DA:249,2
DA:250,4
DA:251,8
DA:252,4
DA:254,3
DA:255,3
DA:256,1
DA:257,1
DA:258,1
DA:259,1
DA:261,2
DA:262,2
DA:263,0
DA:264,0
DA:265,2
DA:266,2
DA:267,2
DA:269,3
DA:270,3
DA:271,1
DA:272,1
DA:273,1
DA:274,1
DA:276,2
DA:277,2
DA:278,0
DA:279,0
DA:280,2
DA:281,2
DA:282,2
DA:284,6
DA:285,6
DA:286,2
DA:287,2
DA:288,2
DA:289,2
DA:291,4
DA:292,4
DA:293,0
DA:294,0
DA:295,8
DA:296,4
DA:297,4
DA:299,6
DA:300,6
DA:301,2
DA:302,2
DA:303,2
DA:305,4
DA:306,4
DA:307,4
DA:308,6
DA:309,2
DA:310,2
DA:311,2
DA:312,2
DA:313,4
DA:314,4
DA:315,4
DA:317,3
DA:318,3
DA:319,1
DA:320,1
DA:321,1
DA:322,1
DA:324,2
DA:325,3
DA:326,1
DA:327,1
DA:328,2
DA:329,4
DA:330,2
DA:332,3
DA:333,3
DA:334,1
DA:335,1
DA:336,1
DA:337,1
DA:339,2
DA:340,2
DA:341,0
DA:342,0
DA:343,2
DA:344,2
DA:345,2
DA:347,3
DA:348,3
DA:349,1
DA:350,1
DA:351,1
DA:352,1
DA:354,2
DA:355,2
DA:356,0
DA:357,0
DA:358,2
DA:359,2
DA:360,2
DA:362,3
DA:363,3
DA:364,1
DA:365,1
DA:366,1
DA:367,1
DA:369,2
DA:370,2
DA:371,0
DA:372,0
DA:373,4
DA:374,2
DA:375,2
DA:377,2
DA:378,2
DA:379,1
DA:380,1
DA:381,1
DA:383,0
DA:388,0
DA:390,0
DA:391,0
DA:392,0
DA:393,0
DA:395,0
LH:285
LF:315
end_of_record
SF:src\ownTaylor\functionsT.jl
DA:9,54
DA:10,54
DA:12,108
DA:13,270
DA:14,270
DA:15,54
DA:17,1
DA:18,1
DA:19,1
DA:21,1
DA:22,1
DA:24,2
DA:25,5
DA:26,5
DA:27,1
DA:29,1
DA:30,1
DA:32,1
DA:33,1
DA:35,63
DA:36,126
DA:37,315
DA:38,315
DA:39,63
DA:41,62
DA:42,1
DA:43,1
DA:44,1
DA:45,1
DA:47,1
DA:48,1
DA:49,1
DA:51,1
DA:52,2
DA:53,5
DA:54,5
DA:55,1
DA:57,1
DA:58,1
DA:59,1
DA:62,1
DA:63,1
DA:64,1
DA:66,2
DA:67,5
DA:68,5
DA:69,1
DA:71,37
DA:72,37
DA:73,37
DA:75,74
DA:76,185
DA:77,185
DA:78,37
DA:80,1
DA:81,2
DA:82,5
DA:83,5
DA:84,1
DA:86,3
DA:87,3
DA:88,1
DA:89,1
DA:90,1
DA:91,1
DA:93,2
DA:94,2
DA:95,0
DA:96,0
DA:97,2
DA:98,2
DA:99,2
DA:100,2
DA:101,2
DA:102,2
DA:104,111
DA:105,111
DA:106,37
DA:107,37
DA:108,37
DA:109,37
DA:111,74
DA:112,74
DA:113,0
DA:114,0
DA:115,74
DA:116,74
DA:117,74
DA:118,74
DA:119,74
DA:120,74
DA:122,6265
DA:123,6265
DA:124,6262
DA:125,6262
DA:126,3
DA:127,2
DA:128,1
DA:130,4
DA:131,2
DA:132,2
DA:135,0
DA:136,0
DA:137,0
LH:97
LF:104
end_of_record
SF:src\ownTaylor\power.jl
DA:8,12
DA:9,12
DA:10,11
DA:11,10
DA:12,1
DA:13,1
DA:16,0
DA:18,1
DA:19,1
DA:20,1
DA:21,1
DA:22,1
DA:23,1
DA:24,1
DA:25,0
DA:26,0
DA:27,1
DA:28,2
DA:29,1
DA:30,1
DA:31,2
DA:32,1
DA:33,1
DA:34,1
DA:35,1
DA:36,1
DA:39,5
DA:40,5
DA:41,5
DA:42,5
DA:43,4
DA:44,4
DA:45,3
DA:46,2
DA:47,2
DA:48,1
DA:49,2
DA:50,0
DA:52,1
DA:53,3
DA:54,2
DA:55,6
DA:56,5
DA:57,1
DA:59,12
DA:71,18
DA:72,9
DA:73,0
DA:74,0
DA:76,9
DA:77,9
DA:78,18
DA:79,0
DA:80,0
DA:82,15
DA:83,0
DA:84,0
DA:86,9
DA:87,3
DA:88,3
DA:91,6
DA:92,6
DA:94,0
DA:96,9
DA:97,6
DA:98,3
DA:99,3
DA:100,3
DA:101,6
DA:102,6
DA:104,11
DA:105,33
DA:106,22
DA:107,44
DA:108,33
DA:109,11
DA:111,60756
DA:112,60756
DA:113,0
DA:114,0
DA:116,60756
DA:117,60756
DA:118,121512
DA:119,60756
DA:120,60756
DA:121,60756
DA:122,60756
DA:123,30378
DA:124,30378
DA:127,2
DA:128,4
DA:129,2
DA:130,2
DA:131,0
DA:133,6
DA:134,2
DA:135,4
DA:136,4
DA:137,6
DA:138,2
DA:140,174
DA:141,174
DA:142,90
DA:143,90
DA:144,90
DA:145,90
DA:146,0
DA:148,90
DA:149,0
DA:150,0
DA:151,90
DA:152,90
DA:154,0
DA:156,90
DA:157,45
DA:159,90
DA:160,90
LH:99
LF:117
end_of_record
SF:src\ownTaylor\powerT.jl
DA:8,30287
DA:10,30289
DA:11,30289
DA:12,1
DA:13,1
DA:15,30288
DA:16,30287
DA:17,2
DA:18,4
DA:19,2
DA:20,4
DA:21,0
DA:23,2
DA:24,4
DA:25,12
DA:26,10
DA:27,2
DA:29,2
DA:30,3
DA:31,2
DA:33,30361
DA:35,30361
DA:36,60722
DA:37,121444
DA:38,91083
DA:39,30361
DA:42,1
DA:43,2
DA:44,1
DA:45,0
DA:47,1
DA:48,2
DA:49,2
DA:50,3
DA:51,1
DA:53,1
DA:54,1
DA:55,1
LH:36
LF:38
end_of_record
